1224 [main] INFO  c.r.lesson23.Lesson23Application
                – Starting Lesson23Application using Java 15 on HOME-PC with PID 12428 (D:\Projects\Java\JavaTemplates\src\lesson23\build\classes\java\main started by Redbird in D:\Projects\Java\JavaTemplates\src\lesson23)
1226 [main] INFO  c.r.lesson23.Lesson23Application
                – No active profile set, falling back to default profiles: default
2280 [main] INFO  o.s.d.r.c.RepositoryConfigurationDelegate
                – Bootstrapping Spring Data JPA repositories in DEFAULT mode.
2349 [main] INFO  o.s.d.r.c.RepositoryConfigurationDelegate
                – Finished Spring Data repository scanning in 63 ms. Found 2 JPA repository interfaces.
3003 [main] INFO  o.s.b.w.e.tomcat.TomcatWebServer
                – Tomcat initialized with port(s): 8080 (http)
3010 [main] INFO  o.a.coyote.http11.Http11NioProtocol
                – Initializing ProtocolHandler ["http-nio-8080"]
3010 [main] INFO  o.a.catalina.core.StandardService
                – Starting service [Tomcat]
3010 [main] INFO  o.a.catalina.core.StandardEngine
                – Starting Servlet engine: [Apache Tomcat/9.0.45]
3110 [main] INFO  o.a.c.c.C.[Tomcat].[localhost].[/]
                – Initializing Spring embedded WebApplicationContext
3110 [main] INFO  o.s.b.w.s.c.ServletWebServerApplicationContext
                – Root WebApplicationContext: initialization completed in 1811 ms
3300 [main] INFO  o.h.jpa.internal.util.LogHelper
                – HHH000204: Processing PersistenceUnitInfo [name: default]
3349 [main] INFO  org.hibernate.Version
                – HHH000412: Hibernate ORM core version 5.4.30.Final
3500 [main] INFO  o.h.annotations.common.Version
                – HCANN000001: Hibernate Commons Annotations {5.1.2.Final}
3617 [main] INFO  com.zaxxer.hikari.HikariDataSource
                – HikariPool-1 - Starting...
3720 [main] INFO  com.zaxxer.hikari.HikariDataSource
                – HikariPool-1 - Start completed.
3740 [main] INFO  org.hibernate.dialect.Dialect
                – HHH000400: Using dialect: org.hibernate.dialect.PostgreSQL10Dialect
4422 [main] INFO  o.h.e.t.j.p.i.JtaPlatformInitiator
                – HHH000490: Using JtaPlatform implementation: [org.hibernate.engine.transaction.jta.platform.internal.NoJtaPlatform]
4431 [main] INFO  o.s.o.j.LocalContainerEntityManagerFactoryBean
                – Initialized JPA EntityManagerFactory for persistence unit 'default'
4538 [main] WARN  o.s.b.a.o.j.JpaBaseConfiguration$JpaWebConfiguration
                – spring.jpa.open-in-view is enabled by default. Therefore, database queries may be performed during view rendering. Explicitly configure spring.jpa.open-in-view to disable this warning
4918 [main] INFO  c.r.l.services.SchedulerServiceImpl
                – Directory created backup
5037 [main] INFO  o.s.s.c.ThreadPoolTaskExecutor
                – Initializing ExecutorService 'applicationTaskExecutor'
5310 [main] INFO  o.s.b.a.s.s.UserDetailsServiceAutoConfiguration
                – 

Using generated security password: c25819b8-530f-4781-8571-3dd1619b6c48

5390 [main] INFO  o.s.s.w.DefaultSecurityFilterChain
                – Will secure any request with [org.springframework.security.web.context.request.async.WebAsyncManagerIntegrationFilter@53016c98, org.springframework.security.web.context.SecurityContextPersistenceFilter@2ee5c08d, org.springframework.security.web.header.HeaderWriterFilter@16120270, org.springframework.security.web.authentication.logout.LogoutFilter@72015156, org.springframework.security.web.authentication.UsernamePasswordAuthenticationFilter@57f83c82, org.springframework.security.web.authentication.ui.DefaultLoginPageGeneratingFilter@2831c178, org.springframework.security.web.authentication.ui.DefaultLogoutPageGeneratingFilter@296a71df, org.springframework.security.web.savedrequest.RequestCacheAwareFilter@48697181, org.springframework.security.web.servletapi.SecurityContextHolderAwareRequestFilter@346690d6, org.springframework.security.web.authentication.AnonymousAuthenticationFilter@4db4431b, org.springframework.security.web.session.SessionManagementFilter@1fab0394, org.springframework.security.web.access.ExceptionTranslationFilter@7135e8cd, org.springframework.security.web.access.intercept.FilterSecurityInterceptor@408d12fc]
5410 [main] INFO  o.s.s.c.ThreadPoolTaskScheduler
                – Initializing ExecutorService 'taskScheduler'
5449 [main] INFO  o.a.coyote.http11.Http11NioProtocol
                – Starting ProtocolHandler ["http-nio-8080"]
5487 [main] INFO  o.s.b.w.e.tomcat.TomcatWebServer
                – Tomcat started on port(s): 8080 (http) with context path ''
5499 [main] INFO  c.r.lesson23.Lesson23Application
                – Started Lesson23Application in 5.118 seconds (JVM running for 7.878)
21828 [http-nio-8080-exec-1] INFO  o.a.c.c.C.[Tomcat].[localhost].[/]
                – Initializing Spring DispatcherServlet 'dispatcherServlet'
21828 [http-nio-8080-exec-1] INFO  o.s.web.servlet.DispatcherServlet
                – Initializing Servlet 'dispatcherServlet'
21828 [http-nio-8080-exec-1] INFO  o.s.web.servlet.DispatcherServlet
                – Completed initialization in 0 ms
73818 [http-nio-8080-exec-10] INFO  c.r.l.services.BookServiceImpl
                – get all books
73975 [http-nio-8080-exec-10] INFO  c.r.l.services.AuthorServiceImpl
                – get all authors
81838 [http-nio-8080-exec-4] INFO  c.r.l.services.BookServiceImpl
                – get all books
81851 [http-nio-8080-exec-4] INFO  c.r.l.services.AuthorServiceImpl
                – get all authors
99709 [http-nio-8080-exec-9] INFO  c.r.l.services.BookServiceImpl
                – get all books
99729 [http-nio-8080-exec-9] INFO  c.r.l.services.AuthorServiceImpl
                – get all authors
110210 [http-nio-8080-exec-3] INFO  c.r.l.services.BookServiceImpl
                – get all books
110228 [http-nio-8080-exec-3] INFO  c.r.l.services.AuthorServiceImpl
                – get all authors
115215 [SpringContextShutdownHook] INFO  o.s.s.c.ThreadPoolTaskScheduler
                – Shutting down ExecutorService 'taskScheduler'
115215 [SpringContextShutdownHook] INFO  o.s.s.c.ThreadPoolTaskExecutor
                – Shutting down ExecutorService 'applicationTaskExecutor'
115215 [SpringContextShutdownHook] INFO  o.s.o.j.LocalContainerEntityManagerFactoryBean
                – Closing JPA EntityManagerFactory for persistence unit 'default'
115219 [SpringContextShutdownHook] INFO  com.zaxxer.hikari.HikariDataSource
                – HikariPool-1 - Shutdown initiated...
115228 [SpringContextShutdownHook] INFO  com.zaxxer.hikari.HikariDataSource
                – HikariPool-1 - Shutdown completed.
1096 [main] INFO  c.r.lesson23.Lesson23Application
                – Starting Lesson23Application using Java 15 on HOME-PC with PID 13940 (D:\Projects\Java\JavaTemplates\src\lesson23\build\classes\java\main started by Redbird in D:\Projects\Java\JavaTemplates\src\lesson23)
1096 [main] INFO  c.r.lesson23.Lesson23Application
                – No active profile set, falling back to default profiles: default
2233 [main] INFO  o.s.d.r.c.RepositoryConfigurationDelegate
                – Bootstrapping Spring Data JPA repositories in DEFAULT mode.
2345 [main] INFO  o.s.d.r.c.RepositoryConfigurationDelegate
                – Finished Spring Data repository scanning in 98 ms. Found 3 JPA repository interfaces.
3243 [main] INFO  o.s.b.w.e.tomcat.TomcatWebServer
                – Tomcat initialized with port(s): 8080 (http)
3259 [main] INFO  o.a.coyote.http11.Http11NioProtocol
                – Initializing ProtocolHandler ["http-nio-8080"]
3259 [main] INFO  o.a.catalina.core.StandardService
                – Starting service [Tomcat]
3259 [main] INFO  o.a.catalina.core.StandardEngine
                – Starting Servlet engine: [Apache Tomcat/9.0.45]
3403 [main] INFO  o.a.c.c.C.[Tomcat].[localhost].[/]
                – Initializing Spring embedded WebApplicationContext
3403 [main] INFO  o.s.b.w.s.c.ServletWebServerApplicationContext
                – Root WebApplicationContext: initialization completed in 2247 ms
3655 [main] INFO  o.h.jpa.internal.util.LogHelper
                – HHH000204: Processing PersistenceUnitInfo [name: default]
3745 [main] INFO  org.hibernate.Version
                – HHH000412: Hibernate ORM core version 5.4.30.Final
3965 [main] INFO  o.h.annotations.common.Version
                – HCANN000001: Hibernate Commons Annotations {5.1.2.Final}
4099 [main] INFO  com.zaxxer.hikari.HikariDataSource
                – HikariPool-1 - Starting...
4252 [main] INFO  com.zaxxer.hikari.HikariDataSource
                – HikariPool-1 - Start completed.
4280 [main] INFO  org.hibernate.dialect.Dialect
                – HHH000400: Using dialect: org.hibernate.dialect.PostgreSQL10Dialect
5330 [main] INFO  o.h.e.t.j.p.i.JtaPlatformInitiator
                – HHH000490: Using JtaPlatform implementation: [org.hibernate.engine.transaction.jta.platform.internal.NoJtaPlatform]
5338 [main] INFO  o.s.o.j.LocalContainerEntityManagerFactoryBean
                – Initialized JPA EntityManagerFactory for persistence unit 'default'
5908 [main] WARN  o.s.b.a.o.j.JpaBaseConfiguration$JpaWebConfiguration
                – spring.jpa.open-in-view is enabled by default. Therefore, database queries may be performed during view rendering. Explicitly configure spring.jpa.open-in-view to disable this warning
6052 [main] INFO  c.r.l.services.SchedulerServiceImpl
                – Directory created backup
6256 [main] INFO  o.s.s.c.ThreadPoolTaskExecutor
                – Initializing ExecutorService 'applicationTaskExecutor'
6755 [main] INFO  o.s.s.w.DefaultSecurityFilterChain
                – Will secure any request with [org.springframework.security.web.context.request.async.WebAsyncManagerIntegrationFilter@2fe2fcc2, org.springframework.security.web.context.SecurityContextPersistenceFilter@13f7c165, org.springframework.security.web.header.HeaderWriterFilter@5d01a2eb, org.springframework.security.web.authentication.logout.LogoutFilter@2bc0603f, org.springframework.security.web.authentication.UsernamePasswordAuthenticationFilter@72406594, org.springframework.security.web.savedrequest.RequestCacheAwareFilter@1d2d793d, org.springframework.security.web.servletapi.SecurityContextHolderAwareRequestFilter@5b643d6e, org.springframework.security.web.authentication.AnonymousAuthenticationFilter@69926b6e, org.springframework.security.web.session.SessionManagementFilter@7d60bd5a, org.springframework.security.web.access.ExceptionTranslationFilter@57ed8f95, org.springframework.security.web.access.intercept.FilterSecurityInterceptor@2175d53f]
6780 [main] INFO  o.s.s.c.ThreadPoolTaskScheduler
                – Initializing ExecutorService 'taskScheduler'
6862 [main] INFO  o.a.coyote.http11.Http11NioProtocol
                – Starting ProtocolHandler ["http-nio-8080"]
6917 [main] INFO  o.s.b.w.e.tomcat.TomcatWebServer
                – Tomcat started on port(s): 8080 (http) with context path ''
6934 [main] INFO  c.r.lesson23.Lesson23Application
                – Started Lesson23Application in 6.649 seconds (JVM running for 7.886)
12154 [http-nio-8080-exec-2] INFO  o.a.c.c.C.[Tomcat].[localhost].[/]
                – Initializing Spring DispatcherServlet 'dispatcherServlet'
12154 [http-nio-8080-exec-2] INFO  o.s.web.servlet.DispatcherServlet
                – Initializing Servlet 'dispatcherServlet'
12156 [http-nio-8080-exec-2] INFO  o.s.web.servlet.DispatcherServlet
                – Completed initialization in 2 ms
31491 [SpringContextShutdownHook] INFO  o.s.s.c.ThreadPoolTaskScheduler
                – Shutting down ExecutorService 'taskScheduler'
31491 [SpringContextShutdownHook] INFO  o.s.s.c.ThreadPoolTaskExecutor
                – Shutting down ExecutorService 'applicationTaskExecutor'
31499 [SpringContextShutdownHook] INFO  o.s.o.j.LocalContainerEntityManagerFactoryBean
                – Closing JPA EntityManagerFactory for persistence unit 'default'
31507 [SpringContextShutdownHook] INFO  com.zaxxer.hikari.HikariDataSource
                – HikariPool-1 - Shutdown initiated...
31524 [SpringContextShutdownHook] INFO  com.zaxxer.hikari.HikariDataSource
                – HikariPool-1 - Shutdown completed.
1093 [main] INFO  c.r.lesson23.Lesson23Application
                – Starting Lesson23Application using Java 15 on HOME-PC with PID 14168 (D:\Projects\Java\JavaTemplates\src\lesson23\build\classes\java\main started by Redbird in D:\Projects\Java\JavaTemplates\src\lesson23)
1106 [main] INFO  c.r.lesson23.Lesson23Application
                – No active profile set, falling back to default profiles: default
2242 [main] INFO  o.s.d.r.c.RepositoryConfigurationDelegate
                – Bootstrapping Spring Data JPA repositories in DEFAULT mode.
2346 [main] INFO  o.s.d.r.c.RepositoryConfigurationDelegate
                – Finished Spring Data repository scanning in 88 ms. Found 3 JPA repository interfaces.
3309 [main] INFO  o.s.b.w.e.tomcat.TomcatWebServer
                – Tomcat initialized with port(s): 8080 (http)
3325 [main] INFO  o.a.coyote.http11.Http11NioProtocol
                – Initializing ProtocolHandler ["http-nio-8080"]
3325 [main] INFO  o.a.catalina.core.StandardService
                – Starting service [Tomcat]
3325 [main] INFO  o.a.catalina.core.StandardEngine
                – Starting Servlet engine: [Apache Tomcat/9.0.45]
3464 [main] INFO  o.a.c.c.C.[Tomcat].[localhost].[/]
                – Initializing Spring embedded WebApplicationContext
3464 [main] INFO  o.s.b.w.s.c.ServletWebServerApplicationContext
                – Root WebApplicationContext: initialization completed in 2282 ms
3712 [main] INFO  o.h.jpa.internal.util.LogHelper
                – HHH000204: Processing PersistenceUnitInfo [name: default]
3784 [main] INFO  org.hibernate.Version
                – HHH000412: Hibernate ORM core version 5.4.30.Final
4060 [main] INFO  o.h.annotations.common.Version
                – HCANN000001: Hibernate Commons Annotations {5.1.2.Final}
4208 [main] INFO  com.zaxxer.hikari.HikariDataSource
                – HikariPool-1 - Starting...
4458 [main] INFO  com.zaxxer.hikari.HikariDataSource
                – HikariPool-1 - Start completed.
4482 [main] INFO  org.hibernate.dialect.Dialect
                – HHH000400: Using dialect: org.hibernate.dialect.PostgreSQL10Dialect
5431 [main] INFO  o.h.e.t.j.p.i.JtaPlatformInitiator
                – HHH000490: Using JtaPlatform implementation: [org.hibernate.engine.transaction.jta.platform.internal.NoJtaPlatform]
5441 [main] INFO  o.s.o.j.LocalContainerEntityManagerFactoryBean
                – Initialized JPA EntityManagerFactory for persistence unit 'default'
5917 [main] WARN  o.s.b.a.o.j.JpaBaseConfiguration$JpaWebConfiguration
                – spring.jpa.open-in-view is enabled by default. Therefore, database queries may be performed during view rendering. Explicitly configure spring.jpa.open-in-view to disable this warning
6018 [main] INFO  c.r.l.services.SchedulerServiceImpl
                – Directory created backup
6178 [main] INFO  o.s.s.w.DefaultSecurityFilterChain
                – Will secure any request with [org.springframework.security.web.context.request.async.WebAsyncManagerIntegrationFilter@749c0669, org.springframework.security.web.context.SecurityContextPersistenceFilter@62e586a6, org.springframework.security.web.header.HeaderWriterFilter@7535307c, org.springframework.security.web.authentication.logout.LogoutFilter@58d79479, org.springframework.security.web.authentication.UsernamePasswordAuthenticationFilter@7741507c, org.springframework.security.web.savedrequest.RequestCacheAwareFilter@1b06dc57, org.springframework.security.web.servletapi.SecurityContextHolderAwareRequestFilter@1ea19c97, org.springframework.security.web.authentication.AnonymousAuthenticationFilter@4468c0ea, org.springframework.security.web.session.SessionManagementFilter@45375bdf, org.springframework.security.web.access.ExceptionTranslationFilter@6f25ed2b, org.springframework.security.web.access.intercept.FilterSecurityInterceptor@627d5f1]
6301 [main] INFO  o.s.s.c.ThreadPoolTaskExecutor
                – Initializing ExecutorService 'applicationTaskExecutor'
6539 [main] INFO  o.s.s.c.ThreadPoolTaskScheduler
                – Initializing ExecutorService 'taskScheduler'
6579 [main] INFO  o.a.coyote.http11.Http11NioProtocol
                – Starting ProtocolHandler ["http-nio-8080"]
6611 [main] INFO  o.s.b.w.e.tomcat.TomcatWebServer
                – Tomcat started on port(s): 8080 (http) with context path ''
6627 [main] INFO  c.r.lesson23.Lesson23Application
                – Started Lesson23Application in 6.289 seconds (JVM running for 7.641)
48040 [http-nio-8080-exec-1] INFO  o.a.c.c.C.[Tomcat].[localhost].[/]
                – Initializing Spring DispatcherServlet 'dispatcherServlet'
48040 [http-nio-8080-exec-1] INFO  o.s.web.servlet.DispatcherServlet
                – Initializing Servlet 'dispatcherServlet'
48042 [http-nio-8080-exec-1] INFO  o.s.web.servlet.DispatcherServlet
                – Completed initialization in 2 ms
102210 [http-nio-8080-exec-1] WARN  o.s.s.c.b.BCryptPasswordEncoder
                – Encoded password does not look like BCrypt
161501 [SpringContextShutdownHook] INFO  o.s.s.c.ThreadPoolTaskScheduler
                – Shutting down ExecutorService 'taskScheduler'
161501 [SpringContextShutdownHook] INFO  o.s.s.c.ThreadPoolTaskExecutor
                – Shutting down ExecutorService 'applicationTaskExecutor'
161501 [SpringContextShutdownHook] INFO  o.s.o.j.LocalContainerEntityManagerFactoryBean
                – Closing JPA EntityManagerFactory for persistence unit 'default'
161509 [SpringContextShutdownHook] INFO  com.zaxxer.hikari.HikariDataSource
                – HikariPool-1 - Shutdown initiated...
161522 [SpringContextShutdownHook] INFO  com.zaxxer.hikari.HikariDataSource
                – HikariPool-1 - Shutdown completed.
1312 [main] INFO  c.r.lesson23.Lesson23Application
                – Starting Lesson23Application using Java 15 on HOME-PC with PID 4552 (D:\Projects\Java\JavaTemplates\src\lesson23\build\classes\java\main started by Redbird in D:\Projects\Java\JavaTemplates\src\lesson23)
1320 [main] INFO  c.r.lesson23.Lesson23Application
                – No active profile set, falling back to default profiles: default
2473 [main] INFO  o.s.d.r.c.RepositoryConfigurationDelegate
                – Bootstrapping Spring Data JPA repositories in DEFAULT mode.
2601 [main] INFO  o.s.d.r.c.RepositoryConfigurationDelegate
                – Finished Spring Data repository scanning in 113 ms. Found 3 JPA repository interfaces.
3483 [main] INFO  o.s.b.w.e.tomcat.TomcatWebServer
                – Tomcat initialized with port(s): 8080 (http)
3507 [main] INFO  o.a.coyote.http11.Http11NioProtocol
                – Initializing ProtocolHandler ["http-nio-8080"]
3515 [main] INFO  o.a.catalina.core.StandardService
                – Starting service [Tomcat]
3515 [main] INFO  o.a.catalina.core.StandardEngine
                – Starting Servlet engine: [Apache Tomcat/9.0.45]
3627 [main] INFO  o.a.c.c.C.[Tomcat].[localhost].[/]
                – Initializing Spring embedded WebApplicationContext
3627 [main] INFO  o.s.b.w.s.c.ServletWebServerApplicationContext
                – Root WebApplicationContext: initialization completed in 2238 ms
3876 [main] INFO  o.h.jpa.internal.util.LogHelper
                – HHH000204: Processing PersistenceUnitInfo [name: default]
3954 [main] INFO  org.hibernate.Version
                – HHH000412: Hibernate ORM core version 5.4.30.Final
4139 [main] INFO  o.h.annotations.common.Version
                – HCANN000001: Hibernate Commons Annotations {5.1.2.Final}
4377 [main] INFO  com.zaxxer.hikari.HikariDataSource
                – HikariPool-1 - Starting...
4485 [main] INFO  com.zaxxer.hikari.HikariDataSource
                – HikariPool-1 - Start completed.
4506 [main] INFO  org.hibernate.dialect.Dialect
                – HHH000400: Using dialect: org.hibernate.dialect.PostgreSQL10Dialect
5308 [main] INFO  o.h.e.t.j.p.i.JtaPlatformInitiator
                – HHH000490: Using JtaPlatform implementation: [org.hibernate.engine.transaction.jta.platform.internal.NoJtaPlatform]
5316 [main] INFO  o.s.o.j.LocalContainerEntityManagerFactoryBean
                – Initialized JPA EntityManagerFactory for persistence unit 'default'
5752 [main] WARN  o.s.b.a.o.j.JpaBaseConfiguration$JpaWebConfiguration
                – spring.jpa.open-in-view is enabled by default. Therefore, database queries may be performed during view rendering. Explicitly configure spring.jpa.open-in-view to disable this warning
5849 [main] INFO  c.r.l.services.SchedulerServiceImpl
                – Directory created backup
6030 [main] INFO  o.s.s.w.DefaultSecurityFilterChain
                – Will secure any request with [org.springframework.security.web.context.request.async.WebAsyncManagerIntegrationFilter@1a4ae53d, org.springframework.security.web.context.SecurityContextPersistenceFilter@52dd1be2, org.springframework.security.web.header.HeaderWriterFilter@510a2c7, org.springframework.security.web.authentication.logout.LogoutFilter@669daa93, org.springframework.security.web.authentication.UsernamePasswordAuthenticationFilter@361d8567, org.springframework.security.web.savedrequest.RequestCacheAwareFilter@24520a51, org.springframework.security.web.servletapi.SecurityContextHolderAwareRequestFilter@aaa7000, org.springframework.security.web.authentication.AnonymousAuthenticationFilter@1368e2f7, org.springframework.security.web.session.SessionManagementFilter@1ea19c97, org.springframework.security.web.access.ExceptionTranslationFilter@59043741, org.springframework.security.web.access.intercept.FilterSecurityInterceptor@4504a4ed]
6159 [main] INFO  o.s.s.c.ThreadPoolTaskExecutor
                – Initializing ExecutorService 'applicationTaskExecutor'
6376 [main] INFO  o.s.s.c.ThreadPoolTaskScheduler
                – Initializing ExecutorService 'taskScheduler'
6424 [main] INFO  o.a.coyote.http11.Http11NioProtocol
                – Starting ProtocolHandler ["http-nio-8080"]
6467 [main] INFO  o.s.b.w.e.tomcat.TomcatWebServer
                – Tomcat started on port(s): 8080 (http) with context path ''
6478 [main] INFO  c.r.lesson23.Lesson23Application
                – Started Lesson23Application in 6.102 seconds (JVM running for 7.405)
19787 [http-nio-8080-exec-3] INFO  o.a.c.c.C.[Tomcat].[localhost].[/]
                – Initializing Spring DispatcherServlet 'dispatcherServlet'
19787 [http-nio-8080-exec-3] INFO  o.s.web.servlet.DispatcherServlet
                – Initializing Servlet 'dispatcherServlet'
19787 [http-nio-8080-exec-3] INFO  o.s.web.servlet.DispatcherServlet
                – Completed initialization in 0 ms
36973 [http-nio-8080-exec-3] WARN  o.s.s.c.b.BCryptPasswordEncoder
                – Encoded password does not look like BCrypt
53618 [http-nio-8080-exec-5] WARN  o.s.s.c.b.BCryptPasswordEncoder
                – Encoded password does not look like BCrypt
184717 [SpringContextShutdownHook] INFO  o.s.s.c.ThreadPoolTaskScheduler
                – Shutting down ExecutorService 'taskScheduler'
184717 [SpringContextShutdownHook] INFO  o.s.s.c.ThreadPoolTaskExecutor
                – Shutting down ExecutorService 'applicationTaskExecutor'
184717 [SpringContextShutdownHook] INFO  o.s.o.j.LocalContainerEntityManagerFactoryBean
                – Closing JPA EntityManagerFactory for persistence unit 'default'
184726 [SpringContextShutdownHook] INFO  com.zaxxer.hikari.HikariDataSource
                – HikariPool-1 - Shutdown initiated...
184736 [SpringContextShutdownHook] INFO  com.zaxxer.hikari.HikariDataSource
                – HikariPool-1 - Shutdown completed.
1057 [main] INFO  c.r.lesson23.Lesson23Application
                – Starting Lesson23Application using Java 15 on HOME-PC with PID 8204 (D:\Projects\Java\JavaTemplates\src\lesson23\build\classes\java\main started by Redbird in D:\Projects\Java\JavaTemplates\src\lesson23)
1057 [main] INFO  c.r.lesson23.Lesson23Application
                – No active profile set, falling back to default profiles: default
2093 [main] INFO  o.s.d.r.c.RepositoryConfigurationDelegate
                – Bootstrapping Spring Data JPA repositories in DEFAULT mode.
2185 [main] INFO  o.s.d.r.c.RepositoryConfigurationDelegate
                – Finished Spring Data repository scanning in 80 ms. Found 3 JPA repository interfaces.
3083 [main] INFO  o.s.b.w.e.tomcat.TomcatWebServer
                – Tomcat initialized with port(s): 8080 (http)
3099 [main] INFO  o.a.coyote.http11.Http11NioProtocol
                – Initializing ProtocolHandler ["http-nio-8080"]
3099 [main] INFO  o.a.catalina.core.StandardService
                – Starting service [Tomcat]
3099 [main] INFO  o.a.catalina.core.StandardEngine
                – Starting Servlet engine: [Apache Tomcat/9.0.45]
3253 [main] INFO  o.a.c.c.C.[Tomcat].[localhost].[/]
                – Initializing Spring embedded WebApplicationContext
3253 [main] INFO  o.s.b.w.s.c.ServletWebServerApplicationContext
                – Root WebApplicationContext: initialization completed in 2145 ms
3501 [main] INFO  o.h.jpa.internal.util.LogHelper
                – HHH000204: Processing PersistenceUnitInfo [name: default]
3573 [main] INFO  org.hibernate.Version
                – HHH000412: Hibernate ORM core version 5.4.30.Final
3780 [main] INFO  o.h.annotations.common.Version
                – HCANN000001: Hibernate Commons Annotations {5.1.2.Final}
3908 [main] INFO  com.zaxxer.hikari.HikariDataSource
                – HikariPool-1 - Starting...
4062 [main] INFO  com.zaxxer.hikari.HikariDataSource
                – HikariPool-1 - Start completed.
4090 [main] INFO  org.hibernate.dialect.Dialect
                – HHH000400: Using dialect: org.hibernate.dialect.PostgreSQL10Dialect
4987 [main] INFO  o.h.e.t.j.p.i.JtaPlatformInitiator
                – HHH000490: Using JtaPlatform implementation: [org.hibernate.engine.transaction.jta.platform.internal.NoJtaPlatform]
4998 [main] INFO  o.s.o.j.LocalContainerEntityManagerFactoryBean
                – Initialized JPA EntityManagerFactory for persistence unit 'default'
5453 [main] WARN  o.s.b.a.o.j.JpaBaseConfiguration$JpaWebConfiguration
                – spring.jpa.open-in-view is enabled by default. Therefore, database queries may be performed during view rendering. Explicitly configure spring.jpa.open-in-view to disable this warning
5565 [main] INFO  c.r.l.services.SchedulerServiceImpl
                – Directory created backup
5709 [main] INFO  o.s.s.w.DefaultSecurityFilterChain
                – Will secure any request with [org.springframework.security.web.context.request.async.WebAsyncManagerIntegrationFilter@13866865, org.springframework.security.web.context.SecurityContextPersistenceFilter@29eaf100, org.springframework.security.web.header.HeaderWriterFilter@45017263, org.springframework.security.web.authentication.logout.LogoutFilter@525b9df4, org.springframework.security.web.authentication.UsernamePasswordAuthenticationFilter@20a25f66, org.springframework.security.web.savedrequest.RequestCacheAwareFilter@5dac6bc3, org.springframework.security.web.servletapi.SecurityContextHolderAwareRequestFilter@556a6320, org.springframework.security.web.authentication.AnonymousAuthenticationFilter@4891d727, org.springframework.security.web.session.SessionManagementFilter@32a074ed, org.springframework.security.web.access.ExceptionTranslationFilter@197180a5, org.springframework.security.web.access.intercept.FilterSecurityInterceptor@5c1687d1]
5863 [main] INFO  o.s.s.c.ThreadPoolTaskExecutor
                – Initializing ExecutorService 'applicationTaskExecutor'
6053 [main] INFO  o.s.s.c.ThreadPoolTaskScheduler
                – Initializing ExecutorService 'taskScheduler'
6093 [main] INFO  o.a.coyote.http11.Http11NioProtocol
                – Starting ProtocolHandler ["http-nio-8080"]
6117 [main] INFO  o.s.b.w.e.tomcat.TomcatWebServer
                – Tomcat started on port(s): 8080 (http) with context path ''
6133 [main] INFO  c.r.lesson23.Lesson23Application
                – Started Lesson23Application in 5.85 seconds (JVM running for 7.184)
10203 [http-nio-8080-exec-1] INFO  o.a.c.c.C.[Tomcat].[localhost].[/]
                – Initializing Spring DispatcherServlet 'dispatcherServlet'
10203 [http-nio-8080-exec-1] INFO  o.s.web.servlet.DispatcherServlet
                – Initializing Servlet 'dispatcherServlet'
10211 [http-nio-8080-exec-1] INFO  o.s.web.servlet.DispatcherServlet
                – Completed initialization in 8 ms
17987 [http-nio-8080-exec-8] INFO  c.r.l.services.BookServiceImpl
                – get all books
18046 [http-nio-8080-exec-8] INFO  c.r.l.services.AuthorServiceImpl
                – get all authors
39083 [SpringContextShutdownHook] INFO  o.s.s.c.ThreadPoolTaskScheduler
                – Shutting down ExecutorService 'taskScheduler'
39083 [SpringContextShutdownHook] INFO  o.s.s.c.ThreadPoolTaskExecutor
                – Shutting down ExecutorService 'applicationTaskExecutor'
39092 [SpringContextShutdownHook] INFO  o.s.o.j.LocalContainerEntityManagerFactoryBean
                – Closing JPA EntityManagerFactory for persistence unit 'default'
39092 [SpringContextShutdownHook] INFO  com.zaxxer.hikari.HikariDataSource
                – HikariPool-1 - Shutdown initiated...
39114 [SpringContextShutdownHook] INFO  com.zaxxer.hikari.HikariDataSource
                – HikariPool-1 - Shutdown completed.
1056 [main] INFO  c.r.lesson23.Lesson23Application
                – Starting Lesson23Application using Java 15 on HOME-PC with PID 14036 (D:\Projects\Java\JavaTemplates\src\lesson23\build\classes\java\main started by Redbird in D:\Projects\Java\JavaTemplates\src\lesson23)
1064 [main] INFO  c.r.lesson23.Lesson23Application
                – No active profile set, falling back to default profiles: default
2068 [main] INFO  o.s.d.r.c.RepositoryConfigurationDelegate
                – Bootstrapping Spring Data JPA repositories in DEFAULT mode.
2217 [main] INFO  o.s.d.r.c.RepositoryConfigurationDelegate
                – Finished Spring Data repository scanning in 131 ms. Found 3 JPA repository interfaces.
3213 [main] INFO  o.s.b.w.e.tomcat.TomcatWebServer
                – Tomcat initialized with port(s): 8080 (http)
3229 [main] INFO  o.a.coyote.http11.Http11NioProtocol
                – Initializing ProtocolHandler ["http-nio-8080"]
3229 [main] INFO  o.a.catalina.core.StandardService
                – Starting service [Tomcat]
3229 [main] INFO  o.a.catalina.core.StandardEngine
                – Starting Servlet engine: [Apache Tomcat/9.0.45]
3361 [main] INFO  o.a.c.c.C.[Tomcat].[localhost].[/]
                – Initializing Spring embedded WebApplicationContext
3361 [main] INFO  o.s.b.w.s.c.ServletWebServerApplicationContext
                – Root WebApplicationContext: initialization completed in 2231 ms
3644 [main] INFO  o.h.jpa.internal.util.LogHelper
                – HHH000204: Processing PersistenceUnitInfo [name: default]
3728 [main] INFO  org.hibernate.Version
                – HHH000412: Hibernate ORM core version 5.4.30.Final
4029 [main] INFO  o.h.annotations.common.Version
                – HCANN000001: Hibernate Commons Annotations {5.1.2.Final}
4219 [main] INFO  com.zaxxer.hikari.HikariDataSource
                – HikariPool-1 - Starting...
4361 [main] INFO  com.zaxxer.hikari.HikariDataSource
                – HikariPool-1 - Start completed.
4398 [main] INFO  org.hibernate.dialect.Dialect
                – HHH000400: Using dialect: org.hibernate.dialect.PostgreSQL10Dialect
5749 [main] WARN  o.h.t.s.i.ExceptionHandlerLoggedImpl
                – GenerationTarget encountered exception accepting command : Error executing DDL "alter table if exists user_role add constraint FKj345gk1bovqvfame88rcx7yyx foreign key (user_id) references users" via JDBC Statement
org.hibernate.tool.schema.spi.CommandAcceptanceException: Error executing DDL "alter table if exists user_role add constraint FKj345gk1bovqvfame88rcx7yyx foreign key (user_id) references users" via JDBC Statement
	at org.hibernate.tool.schema.internal.exec.GenerationTargetToDatabase.accept(GenerationTargetToDatabase.java:67)
	at org.hibernate.tool.schema.internal.AbstractSchemaMigrator.applySqlString(AbstractSchemaMigrator.java:559)
	at org.hibernate.tool.schema.internal.AbstractSchemaMigrator.applySqlStrings(AbstractSchemaMigrator.java:504)
	at org.hibernate.tool.schema.internal.AbstractSchemaMigrator.applyForeignKeys(AbstractSchemaMigrator.java:433)
	at org.hibernate.tool.schema.internal.AbstractSchemaMigrator.performMigration(AbstractSchemaMigrator.java:249)
	at org.hibernate.tool.schema.internal.AbstractSchemaMigrator.doMigration(AbstractSchemaMigrator.java:114)
	at org.hibernate.tool.schema.spi.SchemaManagementToolCoordinator.performDatabaseAction(SchemaManagementToolCoordinator.java:184)
	at org.hibernate.tool.schema.spi.SchemaManagementToolCoordinator.process(SchemaManagementToolCoordinator.java:73)
	at org.hibernate.internal.SessionFactoryImpl.<init>(SessionFactoryImpl.java:318)
	at org.hibernate.boot.internal.SessionFactoryBuilderImpl.build(SessionFactoryBuilderImpl.java:468)
	at org.hibernate.jpa.boot.internal.EntityManagerFactoryBuilderImpl.build(EntityManagerFactoryBuilderImpl.java:1259)
	at org.springframework.orm.jpa.vendor.SpringHibernateJpaPersistenceProvider.createContainerEntityManagerFactory(SpringHibernateJpaPersistenceProvider.java:58)
	at org.springframework.orm.jpa.LocalContainerEntityManagerFactoryBean.createNativeEntityManagerFactory(LocalContainerEntityManagerFactoryBean.java:365)
	at org.springframework.orm.jpa.AbstractEntityManagerFactoryBean.buildNativeEntityManagerFactory(AbstractEntityManagerFactoryBean.java:409)
	at org.springframework.orm.jpa.AbstractEntityManagerFactoryBean.afterPropertiesSet(AbstractEntityManagerFactoryBean.java:396)
	at org.springframework.orm.jpa.LocalContainerEntityManagerFactoryBean.afterPropertiesSet(LocalContainerEntityManagerFactoryBean.java:341)
	at org.springframework.beans.factory.support.AbstractAutowireCapableBeanFactory.invokeInitMethods(AbstractAutowireCapableBeanFactory.java:1845)
	at org.springframework.beans.factory.support.AbstractAutowireCapableBeanFactory.initializeBean(AbstractAutowireCapableBeanFactory.java:1782)
	at org.springframework.beans.factory.support.AbstractAutowireCapableBeanFactory.doCreateBean(AbstractAutowireCapableBeanFactory.java:602)
	at org.springframework.beans.factory.support.AbstractAutowireCapableBeanFactory.createBean(AbstractAutowireCapableBeanFactory.java:524)
	at org.springframework.beans.factory.support.AbstractBeanFactory.lambda$doGetBean$0(AbstractBeanFactory.java:335)
	at org.springframework.beans.factory.support.DefaultSingletonBeanRegistry.getSingleton(DefaultSingletonBeanRegistry.java:234)
	at org.springframework.beans.factory.support.AbstractBeanFactory.doGetBean(AbstractBeanFactory.java:333)
	at org.springframework.beans.factory.support.AbstractBeanFactory.getBean(AbstractBeanFactory.java:208)
	at org.springframework.context.support.AbstractApplicationContext.getBean(AbstractApplicationContext.java:1154)
	at org.springframework.context.support.AbstractApplicationContext.finishBeanFactoryInitialization(AbstractApplicationContext.java:908)
	at org.springframework.context.support.AbstractApplicationContext.refresh(AbstractApplicationContext.java:583)
	at org.springframework.boot.web.servlet.context.ServletWebServerApplicationContext.refresh(ServletWebServerApplicationContext.java:144)
	at org.springframework.boot.SpringApplication.refresh(SpringApplication.java:782)
	at org.springframework.boot.SpringApplication.refresh(SpringApplication.java:774)
	at org.springframework.boot.SpringApplication.refreshContext(SpringApplication.java:439)
	at org.springframework.boot.SpringApplication.run(SpringApplication.java:339)
	at org.springframework.boot.SpringApplication.run(SpringApplication.java:1340)
	at org.springframework.boot.SpringApplication.run(SpringApplication.java:1329)
	at com.redbird.lesson23.Lesson23Application.main(Lesson23Application.java:10)
Caused by: org.postgresql.util.PSQLException: ERROR: insert or update on table "user_role" violates foreign key constraint "fkj345gk1bovqvfame88rcx7yyx"
  Подробности: Key (user_id)=(1) is not present in table "users".
	at org.postgresql.core.v3.QueryExecutorImpl.receiveErrorResponse(QueryExecutorImpl.java:2553)
	at org.postgresql.core.v3.QueryExecutorImpl.processResults(QueryExecutorImpl.java:2285)
	at org.postgresql.core.v3.QueryExecutorImpl.execute(QueryExecutorImpl.java:323)
	at org.postgresql.jdbc.PgStatement.executeInternal(PgStatement.java:481)
	at org.postgresql.jdbc.PgStatement.execute(PgStatement.java:401)
	at org.postgresql.jdbc.PgStatement.executeWithFlags(PgStatement.java:322)
	at org.postgresql.jdbc.PgStatement.executeCachedSql(PgStatement.java:308)
	at org.postgresql.jdbc.PgStatement.executeWithFlags(PgStatement.java:284)
	at org.postgresql.jdbc.PgStatement.execute(PgStatement.java:279)
	at com.zaxxer.hikari.pool.ProxyStatement.execute(ProxyStatement.java:95)
	at com.zaxxer.hikari.pool.HikariProxyStatement.execute(HikariProxyStatement.java)
	at org.hibernate.tool.schema.internal.exec.GenerationTargetToDatabase.accept(GenerationTargetToDatabase.java:54)
	... 34 common frames omitted
5757 [main] INFO  o.h.e.t.j.p.i.JtaPlatformInitiator
                – HHH000490: Using JtaPlatform implementation: [org.hibernate.engine.transaction.jta.platform.internal.NoJtaPlatform]
5774 [main] INFO  o.s.o.j.LocalContainerEntityManagerFactoryBean
                – Initialized JPA EntityManagerFactory for persistence unit 'default'
6472 [main] WARN  o.s.b.a.o.j.JpaBaseConfiguration$JpaWebConfiguration
                – spring.jpa.open-in-view is enabled by default. Therefore, database queries may be performed during view rendering. Explicitly configure spring.jpa.open-in-view to disable this warning
6597 [main] INFO  c.r.l.services.SchedulerServiceImpl
                – Directory created backup
6820 [main] INFO  o.s.s.w.DefaultSecurityFilterChain
                – Will secure any request with [org.springframework.security.web.context.request.async.WebAsyncManagerIntegrationFilter@6369d01c, org.springframework.security.web.context.SecurityContextPersistenceFilter@5ca7619f, org.springframework.security.web.header.HeaderWriterFilter@2fc435e9, org.springframework.security.web.authentication.logout.LogoutFilter@3e149513, org.springframework.security.web.authentication.UsernamePasswordAuthenticationFilter@63c6c5e5, org.springframework.security.web.savedrequest.RequestCacheAwareFilter@fb42c1c, org.springframework.security.web.servletapi.SecurityContextHolderAwareRequestFilter@5e02fb23, org.springframework.security.web.authentication.AnonymousAuthenticationFilter@54e680fe, org.springframework.security.web.session.SessionManagementFilter@5da2966, org.springframework.security.web.access.ExceptionTranslationFilter@2dfd157b, org.springframework.security.web.access.intercept.FilterSecurityInterceptor@62dfe152]
6987 [main] INFO  o.s.s.c.ThreadPoolTaskExecutor
                – Initializing ExecutorService 'applicationTaskExecutor'
7256 [main] INFO  o.s.s.c.ThreadPoolTaskScheduler
                – Initializing ExecutorService 'taskScheduler'
7312 [main] INFO  o.a.coyote.http11.Http11NioProtocol
                – Starting ProtocolHandler ["http-nio-8080"]
7336 [main] INFO  o.s.b.w.e.tomcat.TomcatWebServer
                – Tomcat started on port(s): 8080 (http) with context path ''
7360 [main] INFO  c.r.lesson23.Lesson23Application
                – Started Lesson23Application in 7.052 seconds (JVM running for 8.341)
13239 [http-nio-8080-exec-1] INFO  o.a.c.c.C.[Tomcat].[localhost].[/]
                – Initializing Spring DispatcherServlet 'dispatcherServlet'
13239 [http-nio-8080-exec-1] INFO  o.s.web.servlet.DispatcherServlet
                – Initializing Servlet 'dispatcherServlet'
13239 [http-nio-8080-exec-1] INFO  o.s.web.servlet.DispatcherServlet
                – Completed initialization in 0 ms
17924 [http-nio-8080-exec-5] ERROR o.s.s.w.a.UsernamePasswordAuthenticationFilter
                – An internal error occurred while trying to authenticate the user.
org.springframework.security.authentication.InternalAuthenticationServiceException: UserDetailsService returned null, which is an interface contract violation
	at org.springframework.security.authentication.dao.DaoAuthenticationProvider.retrieveUser(DaoAuthenticationProvider.java:95)
	at org.springframework.security.authentication.dao.AbstractUserDetailsAuthenticationProvider.authenticate(AbstractUserDetailsAuthenticationProvider.java:133)
	at org.springframework.security.authentication.ProviderManager.authenticate(ProviderManager.java:182)
	at org.springframework.security.authentication.ProviderManager.authenticate(ProviderManager.java:201)
	at org.springframework.security.web.authentication.UsernamePasswordAuthenticationFilter.attemptAuthentication(UsernamePasswordAuthenticationFilter.java:85)
	at org.springframework.security.web.authentication.AbstractAuthenticationProcessingFilter.doFilter(AbstractAuthenticationProcessingFilter.java:222)
	at org.springframework.security.web.authentication.AbstractAuthenticationProcessingFilter.doFilter(AbstractAuthenticationProcessingFilter.java:212)
	at org.springframework.security.web.FilterChainProxy$VirtualFilterChain.doFilter(FilterChainProxy.java:336)
	at org.springframework.security.web.authentication.logout.LogoutFilter.doFilter(LogoutFilter.java:103)
	at org.springframework.security.web.authentication.logout.LogoutFilter.doFilter(LogoutFilter.java:89)
	at org.springframework.security.web.FilterChainProxy$VirtualFilterChain.doFilter(FilterChainProxy.java:336)
	at org.springframework.security.web.header.HeaderWriterFilter.doHeadersAfter(HeaderWriterFilter.java:90)
	at org.springframework.security.web.header.HeaderWriterFilter.doFilterInternal(HeaderWriterFilter.java:75)
	at org.springframework.web.filter.OncePerRequestFilter.doFilter(OncePerRequestFilter.java:119)
	at org.springframework.security.web.FilterChainProxy$VirtualFilterChain.doFilter(FilterChainProxy.java:336)
	at org.springframework.security.web.context.SecurityContextPersistenceFilter.doFilter(SecurityContextPersistenceFilter.java:110)
	at org.springframework.security.web.context.SecurityContextPersistenceFilter.doFilter(SecurityContextPersistenceFilter.java:80)
	at org.springframework.security.web.FilterChainProxy$VirtualFilterChain.doFilter(FilterChainProxy.java:336)
	at org.springframework.security.web.context.request.async.WebAsyncManagerIntegrationFilter.doFilterInternal(WebAsyncManagerIntegrationFilter.java:55)
	at org.springframework.web.filter.OncePerRequestFilter.doFilter(OncePerRequestFilter.java:119)
	at org.springframework.security.web.FilterChainProxy$VirtualFilterChain.doFilter(FilterChainProxy.java:336)
	at org.springframework.security.web.FilterChainProxy.doFilterInternal(FilterChainProxy.java:211)
	at org.springframework.security.web.FilterChainProxy.doFilter(FilterChainProxy.java:183)
	at org.springframework.web.filter.DelegatingFilterProxy.invokeDelegate(DelegatingFilterProxy.java:358)
	at org.springframework.web.filter.DelegatingFilterProxy.doFilter(DelegatingFilterProxy.java:271)
	at org.apache.catalina.core.ApplicationFilterChain.internalDoFilter(ApplicationFilterChain.java:189)
	at org.apache.catalina.core.ApplicationFilterChain.doFilter(ApplicationFilterChain.java:162)
	at org.springframework.web.filter.RequestContextFilter.doFilterInternal(RequestContextFilter.java:100)
	at org.springframework.web.filter.OncePerRequestFilter.doFilter(OncePerRequestFilter.java:119)
	at org.apache.catalina.core.ApplicationFilterChain.internalDoFilter(ApplicationFilterChain.java:189)
	at org.apache.catalina.core.ApplicationFilterChain.doFilter(ApplicationFilterChain.java:162)
	at org.springframework.web.filter.FormContentFilter.doFilterInternal(FormContentFilter.java:93)
	at org.springframework.web.filter.OncePerRequestFilter.doFilter(OncePerRequestFilter.java:119)
	at org.apache.catalina.core.ApplicationFilterChain.internalDoFilter(ApplicationFilterChain.java:189)
	at org.apache.catalina.core.ApplicationFilterChain.doFilter(ApplicationFilterChain.java:162)
	at org.springframework.web.filter.CharacterEncodingFilter.doFilterInternal(CharacterEncodingFilter.java:201)
	at org.springframework.web.filter.OncePerRequestFilter.doFilter(OncePerRequestFilter.java:119)
	at org.apache.catalina.core.ApplicationFilterChain.internalDoFilter(ApplicationFilterChain.java:189)
	at org.apache.catalina.core.ApplicationFilterChain.doFilter(ApplicationFilterChain.java:162)
	at org.apache.catalina.core.StandardWrapperValve.invoke(StandardWrapperValve.java:202)
	at org.apache.catalina.core.StandardContextValve.invoke(StandardContextValve.java:97)
	at org.apache.catalina.authenticator.AuthenticatorBase.invoke(AuthenticatorBase.java:542)
	at org.apache.catalina.core.StandardHostValve.invoke(StandardHostValve.java:143)
	at org.apache.catalina.valves.ErrorReportValve.invoke(ErrorReportValve.java:92)
	at org.apache.catalina.core.StandardEngineValve.invoke(StandardEngineValve.java:78)
	at org.apache.catalina.connector.CoyoteAdapter.service(CoyoteAdapter.java:357)
	at org.apache.coyote.http11.Http11Processor.service(Http11Processor.java:374)
	at org.apache.coyote.AbstractProcessorLight.process(AbstractProcessorLight.java:65)
	at org.apache.coyote.AbstractProtocol$ConnectionHandler.process(AbstractProtocol.java:893)
	at org.apache.tomcat.util.net.NioEndpoint$SocketProcessor.doRun(NioEndpoint.java:1707)
	at org.apache.tomcat.util.net.SocketProcessorBase.run(SocketProcessorBase.java:49)
	at java.base/java.util.concurrent.ThreadPoolExecutor.runWorker(ThreadPoolExecutor.java:1130)
	at java.base/java.util.concurrent.ThreadPoolExecutor$Worker.run(ThreadPoolExecutor.java:630)
	at org.apache.tomcat.util.threads.TaskThread$WrappingRunnable.run(TaskThread.java:61)
	at java.base/java.lang.Thread.run(Thread.java:832)
37928 [SpringContextShutdownHook] INFO  o.s.s.c.ThreadPoolTaskScheduler
                – Shutting down ExecutorService 'taskScheduler'
37936 [SpringContextShutdownHook] INFO  o.s.s.c.ThreadPoolTaskExecutor
                – Shutting down ExecutorService 'applicationTaskExecutor'
37936 [SpringContextShutdownHook] INFO  o.s.o.j.LocalContainerEntityManagerFactoryBean
                – Closing JPA EntityManagerFactory for persistence unit 'default'
37944 [SpringContextShutdownHook] INFO  com.zaxxer.hikari.HikariDataSource
                – HikariPool-1 - Shutdown initiated...
37964 [SpringContextShutdownHook] INFO  com.zaxxer.hikari.HikariDataSource
                – HikariPool-1 - Shutdown completed.
984  [main] INFO  c.r.lesson23.Lesson23Application
                – Starting Lesson23Application using Java 15 on HOME-PC with PID 2892 (D:\Projects\Java\JavaTemplates\src\lesson23\build\classes\java\main started by Redbird in D:\Projects\Java\JavaTemplates\src\lesson23)
984  [main] INFO  c.r.lesson23.Lesson23Application
                – No active profile set, falling back to default profiles: default
1920 [main] INFO  o.s.d.r.c.RepositoryConfigurationDelegate
                – Bootstrapping Spring Data JPA repositories in DEFAULT mode.
2008 [main] INFO  o.s.d.r.c.RepositoryConfigurationDelegate
                – Finished Spring Data repository scanning in 78 ms. Found 3 JPA repository interfaces.
2844 [main] INFO  o.s.b.w.e.tomcat.TomcatWebServer
                – Tomcat initialized with port(s): 8080 (http)
2860 [main] INFO  o.a.coyote.http11.Http11NioProtocol
                – Initializing ProtocolHandler ["http-nio-8080"]
2860 [main] INFO  o.a.catalina.core.StandardService
                – Starting service [Tomcat]
2860 [main] INFO  o.a.catalina.core.StandardEngine
                – Starting Servlet engine: [Apache Tomcat/9.0.45]
2995 [main] INFO  o.a.c.c.C.[Tomcat].[localhost].[/]
                – Initializing Spring embedded WebApplicationContext
2996 [main] INFO  o.s.b.w.s.c.ServletWebServerApplicationContext
                – Root WebApplicationContext: initialization completed in 1958 ms
3237 [main] INFO  o.h.jpa.internal.util.LogHelper
                – HHH000204: Processing PersistenceUnitInfo [name: default]
3303 [main] INFO  org.hibernate.Version
                – HHH000412: Hibernate ORM core version 5.4.30.Final
3483 [main] INFO  o.h.annotations.common.Version
                – HCANN000001: Hibernate Commons Annotations {5.1.2.Final}
3622 [main] INFO  com.zaxxer.hikari.HikariDataSource
                – HikariPool-1 - Starting...
3746 [main] INFO  com.zaxxer.hikari.HikariDataSource
                – HikariPool-1 - Start completed.
3771 [main] INFO  org.hibernate.dialect.Dialect
                – HHH000400: Using dialect: org.hibernate.dialect.PostgreSQL10Dialect
4815 [main] INFO  o.h.e.t.j.p.i.JtaPlatformInitiator
                – HHH000490: Using JtaPlatform implementation: [org.hibernate.engine.transaction.jta.platform.internal.NoJtaPlatform]
4825 [main] INFO  o.s.o.j.LocalContainerEntityManagerFactoryBean
                – Initialized JPA EntityManagerFactory for persistence unit 'default'
5310 [main] WARN  o.s.b.w.s.c.AnnotationConfigServletWebServerApplicationContext
                – Exception encountered during context initialization - cancelling refresh attempt: org.springframework.beans.factory.UnsatisfiedDependencyException: Error creating bean with name 'securityConfig' defined in file [D:\Projects\Java\JavaTemplates\src\lesson23\build\classes\java\main\com\redbird\lesson23\configs\SecurityConfig.class]: Unsatisfied dependency expressed through constructor parameter 0; nested exception is org.springframework.beans.factory.UnsatisfiedDependencyException: Error creating bean with name 'userServiceImpl' defined in file [D:\Projects\Java\JavaTemplates\src\lesson23\build\classes\java\main\com\redbird\lesson23\services\UserServiceImpl.class]: Unsatisfied dependency expressed through constructor parameter 1; nested exception is org.springframework.beans.factory.BeanCurrentlyInCreationException: Error creating bean with name 'securityConfig': Requested bean is currently in creation: Is there an unresolvable circular reference?
5310 [main] INFO  o.s.o.j.LocalContainerEntityManagerFactoryBean
                – Closing JPA EntityManagerFactory for persistence unit 'default'
5326 [main] INFO  com.zaxxer.hikari.HikariDataSource
                – HikariPool-1 - Shutdown initiated...
5331 [main] INFO  com.zaxxer.hikari.HikariDataSource
                – HikariPool-1 - Shutdown completed.
5335 [main] INFO  o.a.catalina.core.StandardService
                – Stopping service [Tomcat]
5354 [main] INFO  o.s.b.a.l.ConditionEvaluationReportLoggingListener
                – 

Error starting ApplicationContext. To display the conditions report re-run your application with 'debug' enabled.
5374 [main] ERROR o.s.b.d.LoggingFailureAnalysisReporter
                – 

***************************
APPLICATION FAILED TO START
***************************

Description:

The dependencies of some of the beans in the application context form a cycle:

┌─────┐
|  securityConfig defined in file [D:\Projects\Java\JavaTemplates\src\lesson23\build\classes\java\main\com\redbird\lesson23\configs\SecurityConfig.class]
↑     ↓
|  userServiceImpl defined in file [D:\Projects\Java\JavaTemplates\src\lesson23\build\classes\java\main\com\redbird\lesson23\services\UserServiceImpl.class]
└─────┘


935  [main] INFO  c.r.lesson23.Lesson23Application
                – Starting Lesson23Application using Java 15 on HOME-PC with PID 13456 (D:\Projects\Java\JavaTemplates\src\lesson23\build\classes\java\main started by Redbird in D:\Projects\Java\JavaTemplates\src\lesson23)
935  [main] INFO  c.r.lesson23.Lesson23Application
                – No active profile set, falling back to default profiles: default
1988 [main] INFO  o.s.d.r.c.RepositoryConfigurationDelegate
                – Bootstrapping Spring Data JPA repositories in DEFAULT mode.
2118 [main] INFO  o.s.d.r.c.RepositoryConfigurationDelegate
                – Finished Spring Data repository scanning in 123 ms. Found 3 JPA repository interfaces.
2938 [main] INFO  o.s.b.w.e.tomcat.TomcatWebServer
                – Tomcat initialized with port(s): 8080 (http)
2946 [main] INFO  o.a.coyote.http11.Http11NioProtocol
                – Initializing ProtocolHandler ["http-nio-8080"]
2954 [main] INFO  o.a.catalina.core.StandardService
                – Starting service [Tomcat]
2954 [main] INFO  o.a.catalina.core.StandardEngine
                – Starting Servlet engine: [Apache Tomcat/9.0.45]
3078 [main] INFO  o.a.c.c.C.[Tomcat].[localhost].[/]
                – Initializing Spring embedded WebApplicationContext
3078 [main] INFO  o.s.b.w.s.c.ServletWebServerApplicationContext
                – Root WebApplicationContext: initialization completed in 2067 ms
3335 [main] INFO  o.h.jpa.internal.util.LogHelper
                – HHH000204: Processing PersistenceUnitInfo [name: default]
3389 [main] INFO  org.hibernate.Version
                – HHH000412: Hibernate ORM core version 5.4.30.Final
3558 [main] INFO  o.h.annotations.common.Version
                – HCANN000001: Hibernate Commons Annotations {5.1.2.Final}
3678 [main] INFO  com.zaxxer.hikari.HikariDataSource
                – HikariPool-1 - Starting...
3860 [main] INFO  com.zaxxer.hikari.HikariDataSource
                – HikariPool-1 - Start completed.
3887 [main] INFO  org.hibernate.dialect.Dialect
                – HHH000400: Using dialect: org.hibernate.dialect.PostgreSQL10Dialect
4939 [main] INFO  o.h.e.t.j.p.i.JtaPlatformInitiator
                – HHH000490: Using JtaPlatform implementation: [org.hibernate.engine.transaction.jta.platform.internal.NoJtaPlatform]
4958 [main] INFO  o.s.o.j.LocalContainerEntityManagerFactoryBean
                – Initialized JPA EntityManagerFactory for persistence unit 'default'
5493 [main] WARN  o.s.b.w.s.c.AnnotationConfigServletWebServerApplicationContext
                – Exception encountered during context initialization - cancelling refresh attempt: org.springframework.beans.factory.UnsatisfiedDependencyException: Error creating bean with name 'securityConfig' defined in file [D:\Projects\Java\JavaTemplates\src\lesson23\build\classes\java\main\com\redbird\lesson23\configs\SecurityConfig.class]: Unsatisfied dependency expressed through constructor parameter 0; nested exception is org.springframework.beans.factory.UnsatisfiedDependencyException: Error creating bean with name 'userServiceImpl' defined in file [D:\Projects\Java\JavaTemplates\src\lesson23\build\classes\java\main\com\redbird\lesson23\services\UserServiceImpl.class]: Unsatisfied dependency expressed through constructor parameter 1; nested exception is org.springframework.beans.factory.BeanCurrentlyInCreationException: Error creating bean with name 'securityConfig': Requested bean is currently in creation: Is there an unresolvable circular reference?
5493 [main] INFO  o.s.o.j.LocalContainerEntityManagerFactoryBean
                – Closing JPA EntityManagerFactory for persistence unit 'default'
5501 [main] INFO  com.zaxxer.hikari.HikariDataSource
                – HikariPool-1 - Shutdown initiated...
5513 [main] INFO  com.zaxxer.hikari.HikariDataSource
                – HikariPool-1 - Shutdown completed.
5520 [main] INFO  o.a.catalina.core.StandardService
                – Stopping service [Tomcat]
5534 [main] INFO  o.s.b.a.l.ConditionEvaluationReportLoggingListener
                – 

Error starting ApplicationContext. To display the conditions report re-run your application with 'debug' enabled.
5559 [main] ERROR o.s.b.d.LoggingFailureAnalysisReporter
                – 

***************************
APPLICATION FAILED TO START
***************************

Description:

The dependencies of some of the beans in the application context form a cycle:

┌─────┐
|  securityConfig defined in file [D:\Projects\Java\JavaTemplates\src\lesson23\build\classes\java\main\com\redbird\lesson23\configs\SecurityConfig.class]
↑     ↓
|  userServiceImpl defined in file [D:\Projects\Java\JavaTemplates\src\lesson23\build\classes\java\main\com\redbird\lesson23\services\UserServiceImpl.class]
└─────┘


1090 [main] INFO  c.r.lesson23.Lesson23Application
                – Starting Lesson23Application using Java 15 on HOME-PC with PID 14636 (D:\Projects\Java\JavaTemplates\src\lesson23\build\classes\java\main started by Redbird in D:\Projects\Java\JavaTemplates\src\lesson23)
1090 [main] INFO  c.r.lesson23.Lesson23Application
                – No active profile set, falling back to default profiles: default
2106 [main] INFO  o.s.d.r.c.RepositoryConfigurationDelegate
                – Bootstrapping Spring Data JPA repositories in DEFAULT mode.
2219 [main] INFO  o.s.d.r.c.RepositoryConfigurationDelegate
                – Finished Spring Data repository scanning in 98 ms. Found 3 JPA repository interfaces.
3109 [main] INFO  o.s.b.w.e.tomcat.TomcatWebServer
                – Tomcat initialized with port(s): 8080 (http)
3125 [main] INFO  o.a.coyote.http11.Http11NioProtocol
                – Initializing ProtocolHandler ["http-nio-8080"]
3125 [main] INFO  o.a.catalina.core.StandardService
                – Starting service [Tomcat]
3125 [main] INFO  o.a.catalina.core.StandardEngine
                – Starting Servlet engine: [Apache Tomcat/9.0.45]
3270 [main] INFO  o.a.c.c.C.[Tomcat].[localhost].[/]
                – Initializing Spring embedded WebApplicationContext
3270 [main] INFO  o.s.b.w.s.c.ServletWebServerApplicationContext
                – Root WebApplicationContext: initialization completed in 2126 ms
3543 [main] INFO  o.h.jpa.internal.util.LogHelper
                – HHH000204: Processing PersistenceUnitInfo [name: default]
3623 [main] INFO  org.hibernate.Version
                – HHH000412: Hibernate ORM core version 5.4.30.Final
3832 [main] INFO  o.h.annotations.common.Version
                – HCANN000001: Hibernate Commons Annotations {5.1.2.Final}
3974 [main] INFO  com.zaxxer.hikari.HikariDataSource
                – HikariPool-1 - Starting...
4108 [main] INFO  com.zaxxer.hikari.HikariDataSource
                – HikariPool-1 - Start completed.
4133 [main] INFO  org.hibernate.dialect.Dialect
                – HHH000400: Using dialect: org.hibernate.dialect.PostgreSQL10Dialect
5179 [main] INFO  o.h.e.t.j.p.i.JtaPlatformInitiator
                – HHH000490: Using JtaPlatform implementation: [org.hibernate.engine.transaction.jta.platform.internal.NoJtaPlatform]
5197 [main] INFO  o.s.o.j.LocalContainerEntityManagerFactoryBean
                – Initialized JPA EntityManagerFactory for persistence unit 'default'
5713 [main] WARN  o.s.b.w.s.c.AnnotationConfigServletWebServerApplicationContext
                – Exception encountered during context initialization - cancelling refresh attempt: org.springframework.beans.factory.UnsatisfiedDependencyException: Error creating bean with name 'securityConfig' defined in file [D:\Projects\Java\JavaTemplates\src\lesson23\build\classes\java\main\com\redbird\lesson23\configs\SecurityConfig.class]: Unsatisfied dependency expressed through constructor parameter 0; nested exception is org.springframework.beans.factory.UnsatisfiedDependencyException: Error creating bean with name 'userServiceImpl' defined in file [D:\Projects\Java\JavaTemplates\src\lesson23\build\classes\java\main\com\redbird\lesson23\services\UserServiceImpl.class]: Unsatisfied dependency expressed through constructor parameter 1; nested exception is org.springframework.beans.factory.BeanCurrentlyInCreationException: Error creating bean with name 'securityConfig': Requested bean is currently in creation: Is there an unresolvable circular reference?
5713 [main] INFO  o.s.o.j.LocalContainerEntityManagerFactoryBean
                – Closing JPA EntityManagerFactory for persistence unit 'default'
5721 [main] INFO  com.zaxxer.hikari.HikariDataSource
                – HikariPool-1 - Shutdown initiated...
5731 [main] INFO  com.zaxxer.hikari.HikariDataSource
                – HikariPool-1 - Shutdown completed.
5736 [main] INFO  o.a.catalina.core.StandardService
                – Stopping service [Tomcat]
5752 [main] INFO  o.s.b.a.l.ConditionEvaluationReportLoggingListener
                – 

Error starting ApplicationContext. To display the conditions report re-run your application with 'debug' enabled.
5768 [main] ERROR o.s.b.d.LoggingFailureAnalysisReporter
                – 

***************************
APPLICATION FAILED TO START
***************************

Description:

The dependencies of some of the beans in the application context form a cycle:

┌─────┐
|  securityConfig defined in file [D:\Projects\Java\JavaTemplates\src\lesson23\build\classes\java\main\com\redbird\lesson23\configs\SecurityConfig.class]
↑     ↓
|  userServiceImpl defined in file [D:\Projects\Java\JavaTemplates\src\lesson23\build\classes\java\main\com\redbird\lesson23\services\UserServiceImpl.class]
└─────┘


1043 [main] INFO  c.r.lesson23.Lesson23Application
                – Starting Lesson23Application using Java 15 on HOME-PC with PID 14816 (D:\Projects\Java\JavaTemplates\src\lesson23\build\classes\java\main started by Redbird in D:\Projects\Java\JavaTemplates\src\lesson23)
1048 [main] INFO  c.r.lesson23.Lesson23Application
                – No active profile set, falling back to default profiles: default
2013 [main] INFO  o.s.d.r.c.RepositoryConfigurationDelegate
                – Bootstrapping Spring Data JPA repositories in DEFAULT mode.
2101 [main] INFO  o.s.d.r.c.RepositoryConfigurationDelegate
                – Finished Spring Data repository scanning in 79 ms. Found 3 JPA repository interfaces.
3133 [main] INFO  o.s.b.w.e.tomcat.TomcatWebServer
                – Tomcat initialized with port(s): 8080 (http)
3149 [main] INFO  o.a.coyote.http11.Http11NioProtocol
                – Initializing ProtocolHandler ["http-nio-8080"]
3149 [main] INFO  o.a.catalina.core.StandardService
                – Starting service [Tomcat]
3149 [main] INFO  o.a.catalina.core.StandardEngine
                – Starting Servlet engine: [Apache Tomcat/9.0.45]
3337 [main] INFO  o.a.c.c.C.[Tomcat].[localhost].[/]
                – Initializing Spring embedded WebApplicationContext
3337 [main] INFO  o.s.b.w.s.c.ServletWebServerApplicationContext
                – Root WebApplicationContext: initialization completed in 2228 ms
3734 [main] INFO  o.h.jpa.internal.util.LogHelper
                – HHH000204: Processing PersistenceUnitInfo [name: default]
3833 [main] INFO  org.hibernate.Version
                – HHH000412: Hibernate ORM core version 5.4.30.Final
4056 [main] INFO  o.h.annotations.common.Version
                – HCANN000001: Hibernate Commons Annotations {5.1.2.Final}
4211 [main] INFO  com.zaxxer.hikari.HikariDataSource
                – HikariPool-1 - Starting...
4344 [main] INFO  com.zaxxer.hikari.HikariDataSource
                – HikariPool-1 - Start completed.
4370 [main] INFO  org.hibernate.dialect.Dialect
                – HHH000400: Using dialect: org.hibernate.dialect.PostgreSQL10Dialect
5397 [main] INFO  o.h.e.t.j.p.i.JtaPlatformInitiator
                – HHH000490: Using JtaPlatform implementation: [org.hibernate.engine.transaction.jta.platform.internal.NoJtaPlatform]
5407 [main] INFO  o.s.o.j.LocalContainerEntityManagerFactoryBean
                – Initialized JPA EntityManagerFactory for persistence unit 'default'
6037 [main] WARN  o.s.b.a.o.j.JpaBaseConfiguration$JpaWebConfiguration
                – spring.jpa.open-in-view is enabled by default. Therefore, database queries may be performed during view rendering. Explicitly configure spring.jpa.open-in-view to disable this warning
6184 [main] INFO  c.r.l.services.SchedulerServiceImpl
                – Directory created backup
6384 [main] INFO  o.s.s.w.DefaultSecurityFilterChain
                – Will secure any request with [org.springframework.security.web.context.request.async.WebAsyncManagerIntegrationFilter@1504b493, org.springframework.security.web.context.SecurityContextPersistenceFilter@197180a5, org.springframework.security.web.header.HeaderWriterFilter@5b80b41d, org.springframework.security.web.authentication.logout.LogoutFilter@744db9fb, org.springframework.security.web.authentication.UsernamePasswordAuthenticationFilter@5e02fb23, org.springframework.security.web.savedrequest.RequestCacheAwareFilter@68f75a35, org.springframework.security.web.servletapi.SecurityContextHolderAwareRequestFilter@747e8659, org.springframework.security.web.authentication.AnonymousAuthenticationFilter@19de32cb, org.springframework.security.web.session.SessionManagementFilter@31dd0e2e, org.springframework.security.web.access.ExceptionTranslationFilter@1fa44f66, org.springframework.security.web.access.intercept.FilterSecurityInterceptor@70cac22a]
6565 [main] INFO  o.s.s.c.ThreadPoolTaskExecutor
                – Initializing ExecutorService 'applicationTaskExecutor'
6834 [main] INFO  o.s.s.c.ThreadPoolTaskScheduler
                – Initializing ExecutorService 'taskScheduler'
6895 [main] INFO  o.a.coyote.http11.Http11NioProtocol
                – Starting ProtocolHandler ["http-nio-8080"]
6940 [main] INFO  o.s.b.w.e.tomcat.TomcatWebServer
                – Tomcat started on port(s): 8080 (http) with context path ''
6960 [main] INFO  c.r.lesson23.Lesson23Application
                – Started Lesson23Application in 6.619 seconds (JVM running for 8.015)
12761 [http-nio-8080-exec-2] INFO  o.a.c.c.C.[Tomcat].[localhost].[/]
                – Initializing Spring DispatcherServlet 'dispatcherServlet'
12761 [http-nio-8080-exec-2] INFO  o.s.web.servlet.DispatcherServlet
                – Initializing Servlet 'dispatcherServlet'
12761 [http-nio-8080-exec-2] INFO  o.s.web.servlet.DispatcherServlet
                – Completed initialization in 0 ms
21673 [http-nio-8080-exec-8] WARN  o.s.s.c.b.BCryptPasswordEncoder
                – Encoded password does not look like BCrypt
56403 [http-nio-8080-exec-4] INFO  c.r.l.services.BookServiceImpl
                – get all books
56456 [http-nio-8080-exec-4] INFO  c.r.l.services.AuthorServiceImpl
                – get all authors
64617 [http-nio-8080-exec-8] INFO  c.r.l.services.BookServiceImpl
                – get all books
64639 [http-nio-8080-exec-8] INFO  c.r.l.services.AuthorServiceImpl
                – get all authors
641505 [scheduling-1] INFO  c.r.l.services.SchedulerServiceImpl
                – clear backup directory
641541 [scheduling-1] INFO  c.r.l.services.BookServiceImpl
                – get all books
641652 [scheduling-1] INFO  c.r.l.services.SchedulerServiceImpl
                – backup books
641652 [scheduling-1] INFO  c.r.l.services.AuthorServiceImpl
                – get all authors
641678 [scheduling-1] INFO  c.r.l.services.SchedulerServiceImpl
                – backup authors
641678 [scheduling-1] INFO  c.r.l.services.SchedulerServiceImpl
                – backup complete
1949853 [SpringContextShutdownHook] INFO  o.s.s.c.ThreadPoolTaskScheduler
                – Shutting down ExecutorService 'taskScheduler'
1949862 [SpringContextShutdownHook] INFO  o.s.s.c.ThreadPoolTaskExecutor
                – Shutting down ExecutorService 'applicationTaskExecutor'
1949871 [SpringContextShutdownHook] INFO  o.s.o.j.LocalContainerEntityManagerFactoryBean
                – Closing JPA EntityManagerFactory for persistence unit 'default'
1949914 [SpringContextShutdownHook] INFO  com.zaxxer.hikari.HikariDataSource
                – HikariPool-1 - Shutdown initiated...
1949941 [SpringContextShutdownHook] INFO  com.zaxxer.hikari.HikariDataSource
                – HikariPool-1 - Shutdown completed.
2558 [main] INFO  c.r.lesson23.Lesson23Application
                – Starting Lesson23Application using Java 15 on HOME-PC with PID 14632 (D:\Projects\Java\JavaTemplates\src\lesson23\build\classes\java\main started by Redbird in D:\Projects\Java\JavaTemplates\src\lesson23)
2564 [main] INFO  c.r.lesson23.Lesson23Application
                – No active profile set, falling back to default profiles: default
4581 [main] INFO  o.s.d.r.c.RepositoryConfigurationDelegate
                – Bootstrapping Spring Data JPA repositories in DEFAULT mode.
4750 [main] INFO  o.s.d.r.c.RepositoryConfigurationDelegate
                – Finished Spring Data repository scanning in 145 ms. Found 3 JPA repository interfaces.
6169 [main] INFO  o.s.b.w.e.tomcat.TomcatWebServer
                – Tomcat initialized with port(s): 8080 (http)
6193 [main] INFO  o.a.coyote.http11.Http11NioProtocol
                – Initializing ProtocolHandler ["http-nio-8080"]
6193 [main] INFO  o.a.catalina.core.StandardService
                – Starting service [Tomcat]
6193 [main] INFO  o.a.catalina.core.StandardEngine
                – Starting Servlet engine: [Apache Tomcat/9.0.45]
6416 [main] INFO  o.a.c.c.C.[Tomcat].[localhost].[/]
                – Initializing Spring embedded WebApplicationContext
6416 [main] INFO  o.s.b.w.s.c.ServletWebServerApplicationContext
                – Root WebApplicationContext: initialization completed in 3724 ms
6846 [main] INFO  o.h.jpa.internal.util.LogHelper
                – HHH000204: Processing PersistenceUnitInfo [name: default]
6963 [main] INFO  org.hibernate.Version
                – HHH000412: Hibernate ORM core version 5.4.30.Final
7284 [main] INFO  o.h.annotations.common.Version
                – HCANN000001: Hibernate Commons Annotations {5.1.2.Final}
7531 [main] INFO  com.zaxxer.hikari.HikariDataSource
                – HikariPool-1 - Starting...
7737 [main] INFO  com.zaxxer.hikari.HikariDataSource
                – HikariPool-1 - Start completed.
7782 [main] INFO  org.hibernate.dialect.Dialect
                – HHH000400: Using dialect: org.hibernate.dialect.PostgreSQL10Dialect
9406 [main] INFO  o.h.e.t.j.p.i.JtaPlatformInitiator
                – HHH000490: Using JtaPlatform implementation: [org.hibernate.engine.transaction.jta.platform.internal.NoJtaPlatform]
9423 [main] INFO  o.s.o.j.LocalContainerEntityManagerFactoryBean
                – Initialized JPA EntityManagerFactory for persistence unit 'default'
10346 [main] WARN  o.s.b.a.o.j.JpaBaseConfiguration$JpaWebConfiguration
                – spring.jpa.open-in-view is enabled by default. Therefore, database queries may be performed during view rendering. Explicitly configure spring.jpa.open-in-view to disable this warning
10646 [main] INFO  c.r.l.services.SchedulerServiceImpl
                – Directory created backup
10976 [main] INFO  o.s.s.w.DefaultSecurityFilterChain
                – Will secure any request with [org.springframework.security.web.context.request.async.WebAsyncManagerIntegrationFilter@1ba3c03d, org.springframework.security.web.context.SecurityContextPersistenceFilter@556a6320, org.springframework.security.web.header.HeaderWriterFilter@6f69e2d8, org.springframework.security.web.authentication.logout.LogoutFilter@58d79479, org.springframework.security.web.authentication.UsernamePasswordAuthenticationFilter@105fe81e, org.springframework.security.web.savedrequest.RequestCacheAwareFilter@3e8fe7db, org.springframework.security.web.servletapi.SecurityContextHolderAwareRequestFilter@7d563c13, org.springframework.security.web.authentication.rememberme.RememberMeAuthenticationFilter@208185c0, org.springframework.security.web.authentication.AnonymousAuthenticationFilter@9a37591, org.springframework.security.web.session.SessionManagementFilter@3539cf45, org.springframework.security.web.access.ExceptionTranslationFilter@747e8659, org.springframework.security.web.access.intercept.FilterSecurityInterceptor@550574cb]
11244 [main] INFO  o.s.s.c.ThreadPoolTaskExecutor
                – Initializing ExecutorService 'applicationTaskExecutor'
11675 [main] INFO  o.s.s.c.ThreadPoolTaskScheduler
                – Initializing ExecutorService 'taskScheduler'
11766 [main] INFO  o.a.coyote.http11.Http11NioProtocol
                – Starting ProtocolHandler ["http-nio-8080"]
11842 [main] INFO  o.s.b.w.e.tomcat.TomcatWebServer
                – Tomcat started on port(s): 8080 (http) with context path ''
11874 [main] INFO  c.r.lesson23.Lesson23Application
                – Started Lesson23Application in 11.217 seconds (JVM running for 13.644)
24066 [http-nio-8080-exec-2] INFO  o.a.c.c.C.[Tomcat].[localhost].[/]
                – Initializing Spring DispatcherServlet 'dispatcherServlet'
24074 [http-nio-8080-exec-2] INFO  o.s.web.servlet.DispatcherServlet
                – Initializing Servlet 'dispatcherServlet'
24076 [http-nio-8080-exec-2] INFO  o.s.web.servlet.DispatcherServlet
                – Completed initialization in 1 ms
30206 [http-nio-8080-exec-8] WARN  o.s.s.c.b.BCryptPasswordEncoder
                – Encoded password does not look like BCrypt
76753 [http-nio-8080-exec-9] INFO  c.r.l.services.BookServiceImpl
                – get all books
76823 [http-nio-8080-exec-9] INFO  c.r.l.services.AuthorServiceImpl
                – get all authors
145655 [SpringContextShutdownHook] INFO  o.s.s.c.ThreadPoolTaskScheduler
                – Shutting down ExecutorService 'taskScheduler'
145655 [SpringContextShutdownHook] INFO  o.s.s.c.ThreadPoolTaskExecutor
                – Shutting down ExecutorService 'applicationTaskExecutor'
145662 [SpringContextShutdownHook] INFO  o.s.o.j.LocalContainerEntityManagerFactoryBean
                – Closing JPA EntityManagerFactory for persistence unit 'default'
145683 [SpringContextShutdownHook] INFO  com.zaxxer.hikari.HikariDataSource
                – HikariPool-1 - Shutdown initiated...
145723 [SpringContextShutdownHook] INFO  com.zaxxer.hikari.HikariDataSource
                – HikariPool-1 - Shutdown completed.
1384 [main] INFO  c.r.lesson23.Lesson23Application
                – Starting Lesson23Application using Java 15 on HOME-PC with PID 10404 (D:\Projects\Java\JavaTemplates\src\lesson23\build\classes\java\main started by Redbird in D:\Projects\Java\JavaTemplates\src\lesson23)
1384 [main] INFO  c.r.lesson23.Lesson23Application
                – No active profile set, falling back to default profiles: default
2848 [main] INFO  o.s.d.r.c.RepositoryConfigurationDelegate
                – Bootstrapping Spring Data JPA repositories in DEFAULT mode.
2985 [main] INFO  o.s.d.r.c.RepositoryConfigurationDelegate
                – Finished Spring Data repository scanning in 121 ms. Found 3 JPA repository interfaces.
4330 [main] INFO  o.s.b.w.e.tomcat.TomcatWebServer
                – Tomcat initialized with port(s): 8080 (http)
4346 [main] INFO  o.a.coyote.http11.Http11NioProtocol
                – Initializing ProtocolHandler ["http-nio-8080"]
4346 [main] INFO  o.a.catalina.core.StandardService
                – Starting service [Tomcat]
4346 [main] INFO  o.a.catalina.core.StandardEngine
                – Starting Servlet engine: [Apache Tomcat/9.0.45]
4565 [main] INFO  o.a.c.c.C.[Tomcat].[localhost].[/]
                – Initializing Spring embedded WebApplicationContext
4566 [main] INFO  o.s.b.w.s.c.ServletWebServerApplicationContext
                – Root WebApplicationContext: initialization completed in 3090 ms
4916 [main] INFO  o.h.jpa.internal.util.LogHelper
                – HHH000204: Processing PersistenceUnitInfo [name: default]
5028 [main] INFO  org.hibernate.Version
                – HHH000412: Hibernate ORM core version 5.4.30.Final
5334 [main] INFO  o.h.annotations.common.Version
                – HCANN000001: Hibernate Commons Annotations {5.1.2.Final}
5518 [main] INFO  com.zaxxer.hikari.HikariDataSource
                – HikariPool-1 - Starting...
5717 [main] INFO  com.zaxxer.hikari.HikariDataSource
                – HikariPool-1 - Start completed.
5757 [main] INFO  org.hibernate.dialect.Dialect
                – HHH000400: Using dialect: org.hibernate.dialect.PostgreSQL10Dialect
7330 [main] WARN  o.h.t.s.i.ExceptionHandlerLoggedImpl
                – GenerationTarget encountered exception accepting command : Error executing DDL "alter table if exists user_role add constraint FKj345gk1bovqvfame88rcx7yyx foreign key (user_id) references users" via JDBC Statement
org.hibernate.tool.schema.spi.CommandAcceptanceException: Error executing DDL "alter table if exists user_role add constraint FKj345gk1bovqvfame88rcx7yyx foreign key (user_id) references users" via JDBC Statement
	at org.hibernate.tool.schema.internal.exec.GenerationTargetToDatabase.accept(GenerationTargetToDatabase.java:67)
	at org.hibernate.tool.schema.internal.AbstractSchemaMigrator.applySqlString(AbstractSchemaMigrator.java:559)
	at org.hibernate.tool.schema.internal.AbstractSchemaMigrator.applySqlStrings(AbstractSchemaMigrator.java:504)
	at org.hibernate.tool.schema.internal.AbstractSchemaMigrator.applyForeignKeys(AbstractSchemaMigrator.java:433)
	at org.hibernate.tool.schema.internal.AbstractSchemaMigrator.performMigration(AbstractSchemaMigrator.java:249)
	at org.hibernate.tool.schema.internal.AbstractSchemaMigrator.doMigration(AbstractSchemaMigrator.java:114)
	at org.hibernate.tool.schema.spi.SchemaManagementToolCoordinator.performDatabaseAction(SchemaManagementToolCoordinator.java:184)
	at org.hibernate.tool.schema.spi.SchemaManagementToolCoordinator.process(SchemaManagementToolCoordinator.java:73)
	at org.hibernate.internal.SessionFactoryImpl.<init>(SessionFactoryImpl.java:318)
	at org.hibernate.boot.internal.SessionFactoryBuilderImpl.build(SessionFactoryBuilderImpl.java:468)
	at org.hibernate.jpa.boot.internal.EntityManagerFactoryBuilderImpl.build(EntityManagerFactoryBuilderImpl.java:1259)
	at org.springframework.orm.jpa.vendor.SpringHibernateJpaPersistenceProvider.createContainerEntityManagerFactory(SpringHibernateJpaPersistenceProvider.java:58)
	at org.springframework.orm.jpa.LocalContainerEntityManagerFactoryBean.createNativeEntityManagerFactory(LocalContainerEntityManagerFactoryBean.java:365)
	at org.springframework.orm.jpa.AbstractEntityManagerFactoryBean.buildNativeEntityManagerFactory(AbstractEntityManagerFactoryBean.java:409)
	at org.springframework.orm.jpa.AbstractEntityManagerFactoryBean.afterPropertiesSet(AbstractEntityManagerFactoryBean.java:396)
	at org.springframework.orm.jpa.LocalContainerEntityManagerFactoryBean.afterPropertiesSet(LocalContainerEntityManagerFactoryBean.java:341)
	at org.springframework.beans.factory.support.AbstractAutowireCapableBeanFactory.invokeInitMethods(AbstractAutowireCapableBeanFactory.java:1845)
	at org.springframework.beans.factory.support.AbstractAutowireCapableBeanFactory.initializeBean(AbstractAutowireCapableBeanFactory.java:1782)
	at org.springframework.beans.factory.support.AbstractAutowireCapableBeanFactory.doCreateBean(AbstractAutowireCapableBeanFactory.java:602)
	at org.springframework.beans.factory.support.AbstractAutowireCapableBeanFactory.createBean(AbstractAutowireCapableBeanFactory.java:524)
	at org.springframework.beans.factory.support.AbstractBeanFactory.lambda$doGetBean$0(AbstractBeanFactory.java:335)
	at org.springframework.beans.factory.support.DefaultSingletonBeanRegistry.getSingleton(DefaultSingletonBeanRegistry.java:234)
	at org.springframework.beans.factory.support.AbstractBeanFactory.doGetBean(AbstractBeanFactory.java:333)
	at org.springframework.beans.factory.support.AbstractBeanFactory.getBean(AbstractBeanFactory.java:233)
	at org.springframework.beans.factory.support.DefaultListableBeanFactory.resolveNamedBean(DefaultListableBeanFactory.java:1273)
	at org.springframework.beans.factory.support.DefaultListableBeanFactory.resolveNamedBean(DefaultListableBeanFactory.java:1234)
	at org.springframework.beans.factory.support.DefaultListableBeanFactory.resolveBean(DefaultListableBeanFactory.java:494)
	at org.springframework.beans.factory.support.DefaultListableBeanFactory.getBean(DefaultListableBeanFactory.java:349)
	at org.springframework.beans.factory.support.DefaultListableBeanFactory.getBean(DefaultListableBeanFactory.java:342)
	at org.springframework.orm.jpa.EntityManagerFactoryUtils.findEntityManagerFactory(EntityManagerFactoryUtils.java:121)
	at org.springframework.orm.jpa.JpaTransactionManager.setBeanFactory(JpaTransactionManager.java:333)
	at org.springframework.beans.factory.support.AbstractAutowireCapableBeanFactory.invokeAwareMethods(AbstractAutowireCapableBeanFactory.java:1808)
	at org.springframework.beans.factory.support.AbstractAutowireCapableBeanFactory.initializeBean(AbstractAutowireCapableBeanFactory.java:1773)
	at org.springframework.beans.factory.support.AbstractAutowireCapableBeanFactory.doCreateBean(AbstractAutowireCapableBeanFactory.java:602)
	at org.springframework.beans.factory.support.AbstractAutowireCapableBeanFactory.createBean(AbstractAutowireCapableBeanFactory.java:524)
	at org.springframework.beans.factory.support.AbstractBeanFactory.lambda$doGetBean$0(AbstractBeanFactory.java:335)
	at org.springframework.beans.factory.support.DefaultSingletonBeanRegistry.getSingleton(DefaultSingletonBeanRegistry.java:234)
	at org.springframework.beans.factory.support.AbstractBeanFactory.doGetBean(AbstractBeanFactory.java:333)
	at org.springframework.beans.factory.support.AbstractBeanFactory.getBean(AbstractBeanFactory.java:208)
	at org.springframework.beans.factory.config.DependencyDescriptor.resolveCandidate(DependencyDescriptor.java:276)
	at org.springframework.beans.factory.support.DefaultListableBeanFactory.doResolveDependency(DefaultListableBeanFactory.java:1380)
	at org.springframework.beans.factory.support.DefaultListableBeanFactory.resolveDependency(DefaultListableBeanFactory.java:1300)
	at org.springframework.beans.factory.annotation.AutowiredAnnotationBeanPostProcessor$AutowiredMethodElement.resolveMethodArguments(AutowiredAnnotationBeanPostProcessor.java:760)
	at org.springframework.beans.factory.annotation.AutowiredAnnotationBeanPostProcessor$AutowiredMethodElement.inject(AutowiredAnnotationBeanPostProcessor.java:720)
	at org.springframework.beans.factory.annotation.InjectionMetadata.inject(InjectionMetadata.java:119)
	at org.springframework.beans.factory.annotation.AutowiredAnnotationBeanPostProcessor.postProcessProperties(AutowiredAnnotationBeanPostProcessor.java:399)
	at org.springframework.beans.factory.support.AbstractAutowireCapableBeanFactory.populateBean(AbstractAutowireCapableBeanFactory.java:1413)
	at org.springframework.beans.factory.support.AbstractAutowireCapableBeanFactory.doCreateBean(AbstractAutowireCapableBeanFactory.java:601)
	at org.springframework.beans.factory.support.AbstractAutowireCapableBeanFactory.createBean(AbstractAutowireCapableBeanFactory.java:524)
	at org.springframework.beans.factory.support.AbstractBeanFactory.lambda$doGetBean$0(AbstractBeanFactory.java:335)
	at org.springframework.beans.factory.support.DefaultSingletonBeanRegistry.getSingleton(DefaultSingletonBeanRegistry.java:234)
	at org.springframework.beans.factory.support.AbstractBeanFactory.doGetBean(AbstractBeanFactory.java:333)
	at org.springframework.beans.factory.support.AbstractBeanFactory.getBean(AbstractBeanFactory.java:208)
	at org.springframework.beans.factory.support.ConstructorResolver.instantiateUsingFactoryMethod(ConstructorResolver.java:410)
	at org.springframework.beans.factory.support.AbstractAutowireCapableBeanFactory.instantiateUsingFactoryMethod(AbstractAutowireCapableBeanFactory.java:1334)
	at org.springframework.beans.factory.support.AbstractAutowireCapableBeanFactory.createBeanInstance(AbstractAutowireCapableBeanFactory.java:1177)
	at org.springframework.beans.factory.support.AbstractAutowireCapableBeanFactory.doCreateBean(AbstractAutowireCapableBeanFactory.java:564)
	at org.springframework.beans.factory.support.AbstractAutowireCapableBeanFactory.createBean(AbstractAutowireCapableBeanFactory.java:524)
	at org.springframework.beans.factory.support.AbstractBeanFactory.lambda$doGetBean$0(AbstractBeanFactory.java:335)
	at org.springframework.beans.factory.support.DefaultSingletonBeanRegistry.getSingleton(DefaultSingletonBeanRegistry.java:234)
	at org.springframework.beans.factory.support.AbstractBeanFactory.doGetBean(AbstractBeanFactory.java:333)
	at org.springframework.beans.factory.support.AbstractBeanFactory.getBean(AbstractBeanFactory.java:208)
	at org.springframework.beans.factory.config.DependencyDescriptor.resolveCandidate(DependencyDescriptor.java:276)
	at org.springframework.beans.factory.support.DefaultListableBeanFactory.doResolveDependency(DefaultListableBeanFactory.java:1380)
	at org.springframework.beans.factory.support.DefaultListableBeanFactory.resolveDependency(DefaultListableBeanFactory.java:1300)
	at org.springframework.beans.factory.support.ConstructorResolver.resolveAutowiredArgument(ConstructorResolver.java:887)
	at org.springframework.beans.factory.support.ConstructorResolver.createArgumentArray(ConstructorResolver.java:791)
	at org.springframework.beans.factory.support.ConstructorResolver.instantiateUsingFactoryMethod(ConstructorResolver.java:541)
	at org.springframework.beans.factory.support.AbstractAutowireCapableBeanFactory.instantiateUsingFactoryMethod(AbstractAutowireCapableBeanFactory.java:1334)
	at org.springframework.beans.factory.support.AbstractAutowireCapableBeanFactory.createBeanInstance(AbstractAutowireCapableBeanFactory.java:1177)
	at org.springframework.beans.factory.support.AbstractAutowireCapableBeanFactory.doCreateBean(AbstractAutowireCapableBeanFactory.java:564)
	at org.springframework.beans.factory.support.AbstractAutowireCapableBeanFactory.createBean(AbstractAutowireCapableBeanFactory.java:524)
	at org.springframework.beans.factory.support.AbstractBeanFactory.lambda$doGetBean$0(AbstractBeanFactory.java:335)
	at org.springframework.beans.factory.support.DefaultSingletonBeanRegistry.getSingleton(DefaultSingletonBeanRegistry.java:234)
	at org.springframework.beans.factory.support.AbstractBeanFactory.doGetBean(AbstractBeanFactory.java:333)
	at org.springframework.beans.factory.support.AbstractBeanFactory.getBean(AbstractBeanFactory.java:213)
	at org.springframework.boot.web.servlet.ServletContextInitializerBeans.getOrderedBeansOfType(ServletContextInitializerBeans.java:212)
	at org.springframework.boot.web.servlet.ServletContextInitializerBeans.getOrderedBeansOfType(ServletContextInitializerBeans.java:203)
	at org.springframework.boot.web.servlet.ServletContextInitializerBeans.addServletContextInitializerBeans(ServletContextInitializerBeans.java:97)
	at org.springframework.boot.web.servlet.ServletContextInitializerBeans.<init>(ServletContextInitializerBeans.java:86)
	at org.springframework.boot.web.servlet.context.ServletWebServerApplicationContext.getServletContextInitializerBeans(ServletWebServerApplicationContext.java:259)
	at org.springframework.boot.web.servlet.context.ServletWebServerApplicationContext.selfInitialize(ServletWebServerApplicationContext.java:233)
	at org.springframework.boot.web.embedded.tomcat.TomcatStarter.onStartup(TomcatStarter.java:53)
	at org.apache.catalina.core.StandardContext.startInternal(StandardContext.java:5161)
	at org.apache.catalina.util.LifecycleBase.start(LifecycleBase.java:183)
	at org.apache.catalina.core.ContainerBase$StartChild.call(ContainerBase.java:1384)
	at org.apache.catalina.core.ContainerBase$StartChild.call(ContainerBase.java:1374)
	at java.base/java.util.concurrent.FutureTask.run$$$capture(FutureTask.java:264)
	at java.base/java.util.concurrent.FutureTask.run(FutureTask.java)
	at org.apache.tomcat.util.threads.InlineExecutorService.execute(InlineExecutorService.java:75)
	at java.base/java.util.concurrent.AbstractExecutorService.submit(AbstractExecutorService.java:140)
	at org.apache.catalina.core.ContainerBase.startInternal(ContainerBase.java:909)
	at org.apache.catalina.core.StandardHost.startInternal(StandardHost.java:843)
	at org.apache.catalina.util.LifecycleBase.start(LifecycleBase.java:183)
	at org.apache.catalina.core.ContainerBase$StartChild.call(ContainerBase.java:1384)
	at org.apache.catalina.core.ContainerBase$StartChild.call(ContainerBase.java:1374)
	at java.base/java.util.concurrent.FutureTask.run$$$capture(FutureTask.java:264)
	at java.base/java.util.concurrent.FutureTask.run(FutureTask.java)
	at org.apache.tomcat.util.threads.InlineExecutorService.execute(InlineExecutorService.java:75)
	at java.base/java.util.concurrent.AbstractExecutorService.submit(AbstractExecutorService.java:140)
	at org.apache.catalina.core.ContainerBase.startInternal(ContainerBase.java:909)
	at org.apache.catalina.core.StandardEngine.startInternal(StandardEngine.java:262)
	at org.apache.catalina.util.LifecycleBase.start(LifecycleBase.java:183)
	at org.apache.catalina.core.StandardService.startInternal(StandardService.java:433)
	at org.apache.catalina.util.LifecycleBase.start(LifecycleBase.java:183)
	at org.apache.catalina.core.StandardServer.startInternal(StandardServer.java:930)
	at org.apache.catalina.util.LifecycleBase.start(LifecycleBase.java:183)
	at org.apache.catalina.startup.Tomcat.start(Tomcat.java:486)
	at org.springframework.boot.web.embedded.tomcat.TomcatWebServer.initialize(TomcatWebServer.java:123)
	at org.springframework.boot.web.embedded.tomcat.TomcatWebServer.<init>(TomcatWebServer.java:104)
	at org.springframework.boot.web.embedded.tomcat.TomcatServletWebServerFactory.getTomcatWebServer(TomcatServletWebServerFactory.java:450)
	at org.springframework.boot.web.embedded.tomcat.TomcatServletWebServerFactory.getWebServer(TomcatServletWebServerFactory.java:199)
	at org.springframework.boot.web.servlet.context.ServletWebServerApplicationContext.createWebServer(ServletWebServerApplicationContext.java:181)
	at org.springframework.boot.web.servlet.context.ServletWebServerApplicationContext.onRefresh(ServletWebServerApplicationContext.java:159)
	at org.springframework.context.support.AbstractApplicationContext.refresh(AbstractApplicationContext.java:577)
	at org.springframework.boot.web.servlet.context.ServletWebServerApplicationContext.refresh(ServletWebServerApplicationContext.java:144)
	at org.springframework.boot.SpringApplication.refresh(SpringApplication.java:782)
	at org.springframework.boot.SpringApplication.refresh(SpringApplication.java:774)
	at org.springframework.boot.SpringApplication.refreshContext(SpringApplication.java:439)
	at org.springframework.boot.SpringApplication.run(SpringApplication.java:339)
	at org.springframework.boot.SpringApplication.run(SpringApplication.java:1340)
	at org.springframework.boot.SpringApplication.run(SpringApplication.java:1329)
	at com.redbird.lesson23.Lesson23Application.main(Lesson23Application.java:10)
Caused by: org.postgresql.util.PSQLException: ERROR: insert or update on table "user_role" violates foreign key constraint "fkj345gk1bovqvfame88rcx7yyx"
  Подробности: Key (user_id)=(1) is not present in table "users".
	at org.postgresql.core.v3.QueryExecutorImpl.receiveErrorResponse(QueryExecutorImpl.java:2553)
	at org.postgresql.core.v3.QueryExecutorImpl.processResults(QueryExecutorImpl.java:2285)
	at org.postgresql.core.v3.QueryExecutorImpl.execute(QueryExecutorImpl.java:323)
	at org.postgresql.jdbc.PgStatement.executeInternal(PgStatement.java:481)
	at org.postgresql.jdbc.PgStatement.execute(PgStatement.java:401)
	at org.postgresql.jdbc.PgStatement.executeWithFlags(PgStatement.java:322)
	at org.postgresql.jdbc.PgStatement.executeCachedSql(PgStatement.java:308)
	at org.postgresql.jdbc.PgStatement.executeWithFlags(PgStatement.java:284)
	at org.postgresql.jdbc.PgStatement.execute(PgStatement.java:279)
	at com.zaxxer.hikari.pool.ProxyStatement.execute(ProxyStatement.java:95)
	at com.zaxxer.hikari.pool.HikariProxyStatement.execute(HikariProxyStatement.java)
	at org.hibernate.tool.schema.internal.exec.GenerationTargetToDatabase.accept(GenerationTargetToDatabase.java:54)
	... 122 common frames omitted
7338 [main] INFO  o.h.e.t.j.p.i.JtaPlatformInitiator
                – HHH000490: Using JtaPlatform implementation: [org.hibernate.engine.transaction.jta.platform.internal.NoJtaPlatform]
7362 [main] INFO  o.s.o.j.LocalContainerEntityManagerFactoryBean
                – Initialized JPA EntityManagerFactory for persistence unit 'default'
8325 [main] WARN  o.s.b.a.o.j.JpaBaseConfiguration$JpaWebConfiguration
                – spring.jpa.open-in-view is enabled by default. Therefore, database queries may be performed during view rendering. Explicitly configure spring.jpa.open-in-view to disable this warning
8526 [main] INFO  c.r.l.services.SchedulerServiceImpl
                – Directory created backup
8807 [main] INFO  o.s.s.w.DefaultSecurityFilterChain
                – Will secure any request with [org.springframework.security.web.context.request.async.WebAsyncManagerIntegrationFilter@5392aa2b, org.springframework.security.web.context.SecurityContextPersistenceFilter@848d9bc, org.springframework.security.web.header.HeaderWriterFilter@3adeca1f, org.springframework.security.web.authentication.logout.LogoutFilter@563392e5, org.springframework.security.web.authentication.UsernamePasswordAuthenticationFilter@58690f5e, org.springframework.security.web.savedrequest.RequestCacheAwareFilter@1add3e03, org.springframework.security.web.servletapi.SecurityContextHolderAwareRequestFilter@766db6f9, org.springframework.security.web.authentication.rememberme.RememberMeAuthenticationFilter@1a390b8c, org.springframework.security.web.authentication.AnonymousAuthenticationFilter@174f0d06, org.springframework.security.web.session.SessionManagementFilter@2d41bb5a, org.springframework.security.web.access.ExceptionTranslationFilter@1d57b8f1, org.springframework.security.web.access.intercept.FilterSecurityInterceptor@39dce2df]
9060 [main] INFO  o.s.s.c.ThreadPoolTaskExecutor
                – Initializing ExecutorService 'applicationTaskExecutor'
9623 [main] INFO  o.a.coyote.http11.Http11NioProtocol
                – Starting ProtocolHandler ["http-nio-8080"]
9688 [main] INFO  o.s.b.w.e.tomcat.TomcatWebServer
                – Tomcat started on port(s): 8080 (http) with context path ''
9706 [main] INFO  o.s.s.a.ScheduledAnnotationBeanPostProcessor
                – No TaskScheduler/ScheduledExecutorService bean found for scheduled processing
9728 [main] INFO  c.r.lesson23.Lesson23Application
                – Started Lesson23Application in 9.345 seconds (JVM running for 10.953)
14380 [http-nio-8080-exec-1] INFO  o.a.c.c.C.[Tomcat].[localhost].[/]
                – Initializing Spring DispatcherServlet 'dispatcherServlet'
14390 [http-nio-8080-exec-1] INFO  o.s.web.servlet.DispatcherServlet
                – Initializing Servlet 'dispatcherServlet'
14391 [http-nio-8080-exec-1] INFO  o.s.web.servlet.DispatcherServlet
                – Completed initialization in 0 ms
28934 [http-nio-8080-exec-6] INFO  c.r.l.services.BookServiceImpl
                – get all books
28991 [http-nio-8080-exec-6] INFO  c.r.l.services.AuthorServiceImpl
                – get all authors
247928 [pool-1-thread-1] INFO  c.r.l.services.SchedulerServiceImpl
                – clear backup directory
247930 [pool-1-thread-1] INFO  c.r.l.services.BookServiceImpl
                – get all books
247963 [pool-1-thread-1] INFO  c.r.l.services.SchedulerServiceImpl
                – backup books
247963 [pool-1-thread-1] INFO  c.r.l.services.AuthorServiceImpl
                – get all authors
247993 [pool-1-thread-1] INFO  c.r.l.services.SchedulerServiceImpl
                – backup authors
247994 [pool-1-thread-1] INFO  c.r.l.services.SchedulerServiceImpl
                – backup complete
296937 [http-nio-8080-exec-4] INFO  c.r.l.services.BookServiceImpl
                – get all books
296957 [http-nio-8080-exec-4] INFO  c.r.l.services.AuthorServiceImpl
                – get all authors
299044 [http-nio-8080-exec-8] INFO  c.r.l.services.BookServiceImpl
                – get all books
299068 [http-nio-8080-exec-8] INFO  c.r.l.services.AuthorServiceImpl
                – get all authors
384245 [http-nio-8080-exec-10] INFO  c.r.l.services.BookServiceImpl
                – get all books
384272 [http-nio-8080-exec-10] INFO  c.r.l.services.AuthorServiceImpl
                – get all authors
388231 [http-nio-8080-exec-6] INFO  c.r.l.services.BookServiceImpl
                – get all books
388250 [http-nio-8080-exec-6] INFO  c.r.l.services.AuthorServiceImpl
                – get all authors
433145 [http-nio-8080-exec-9] INFO  c.r.l.services.BookServiceImpl
                – get all books
433168 [http-nio-8080-exec-9] INFO  c.r.l.services.AuthorServiceImpl
                – get all authors
463896 [SpringContextShutdownHook] INFO  o.s.s.c.ThreadPoolTaskExecutor
                – Shutting down ExecutorService 'applicationTaskExecutor'
463956 [SpringContextShutdownHook] INFO  o.s.o.j.LocalContainerEntityManagerFactoryBean
                – Closing JPA EntityManagerFactory for persistence unit 'default'
464021 [SpringContextShutdownHook] INFO  com.zaxxer.hikari.HikariDataSource
                – HikariPool-1 - Shutdown initiated...
464110 [SpringContextShutdownHook] INFO  com.zaxxer.hikari.HikariDataSource
                – HikariPool-1 - Shutdown completed.
